#
# A fatal error has been detected by the Java Runtime Environment:
#
#  EXCEPTION_ACCESS_VIOLATION (0xc0000005) at pc=0x000000005d262a69, pid=4056, tid=0x0000000000000e60
#
# JRE version: Java(TM) SE Runtime Environment (8.0_141-b15) (build 1.8.0_141-b15)
# Java VM: Java HotSpot(TM) 64-Bit Server VM (25.141-b15 mixed mode windows-amd64 compressed oops)
# Problematic frame:
# C  [nvoglv64.DLL+0x15c2a69]
#
# Failed to write core dump. Minidumps are not enabled by default on client versions of Windows
#
# If you would like to submit a bug report, please visit:
#   http://bugreport.java.com/bugreport/crash.jsp
# The crash happened outside the Java Virtual Machine in native code.
# See problematic frame for where to report the bug.
#

---------------  T H R E A D  ---------------

Current thread (0x000000000226e800):  JavaThread "main" [_thread_in_native, id=3680, stack(0x0000000002120000,0x0000000002220000)]

siginfo: ExceptionCode=0xc0000005, reading address 0x0000000000000000

Registers:
RAX=0x0000000000000200, RBX=0x000000005b4c4108, RCX=0x0000000000000200, RDX=0xffffffff9d3ed7d0
RSP=0x000000000221f1d8, RBP=0x0000000000000001, RSI=0x0000000000000000, RDI=0x0000000062c12830
R8 =0x0000000000000200, R9 =0x0000000000000020, R10=0x0000000000000000, R11=0x0000000062c12830
R12=0x0000000000000000, R13=0x000000005bca0000, R14=0x0000000000000001, R15=0x000000005b4c3e88
RIP=0x000000005d262a69, EFLAGS=0x0000000000010207

Top of Stack: (sp=0x000000000221f1d8)
0x000000000221f1d8:   0000000000000020 0000000062c12830
0x000000000221f1e8:   000000005c75635c 0000000057639ba8
0x000000000221f1f8:   000000000221f358 000000000226e370
0x000000000221f208:   000000005c5f8b2b 0000000000000000
0x000000000221f218:   0000000000000000 0000000000000000
0x000000000221f228:   000000000010810b 000000005b4c3e88
0x000000000221f238:   000000005c75710e 000000005b4c0080
0x000000000221f248:   0000000000000020 000000000000000e
0x000000000221f258:   00000000026d7de6 000000000226e800
0x000000000221f268:   000000000221f358 0000000057639ba8
0x000000000221f278:   0000000000000000 0000000000000818
0x000000000221f288:   00000000026d7f54 0000000057639ba8
0x000000000221f298:   000000000221f318 0000000000000128
0x000000000221f2a8:   00000000026d7ccb 0000000000000020
0x000000000221f2b8:   000000005c6ac790 0000000000000128
0x000000000221f2c8:   000000000226e800 00000000026d7c82 

Instructions: (pc=0x000000005d262a69)
0x000000005d262a49:   03 c0 48 3b c8 0f 8c 96 03 00 00 0f ba 25 ec fa
0x000000005d262a59:   a3 00 01 73 13 57 56 48 8b f9 49 8b f2 49 8b c8
0x000000005d262a69:   f3 a4 5e 5f 49 8b c3 c3 0f ba 25 cf fa a3 00 02
0x000000005d262a79:   0f 82 56 02 00 00 f6 c1 07 74 36 f6 c1 01 74 0b 


Register to memory mapping:

RAX=0x0000000000000200 is an unknown value
RBX=0x000000005b4c4108 is an unknown value
RCX=0x0000000000000200 is an unknown value
RDX=0xffffffff9d3ed7d0 is an unknown value
RSP=0x000000000221f1d8 is pointing into the stack for thread: 0x000000000226e800
RBP=0x0000000000000001 is an unknown value
RSI=0x0000000000000000 is an unknown value
RDI=0x0000000062c12830 is an unknown value
R8 =0x0000000000000200 is an unknown value
R9 =0x0000000000000020 is an unknown value
R10=0x0000000000000000 is an unknown value
R11=0x0000000062c12830 is an unknown value
R12=0x0000000000000000 is an unknown value
R13=0x000000005bca0000 is an unknown value
R14=0x0000000000000001 is an unknown value
R15=0x000000005b4c3e88 is an unknown value


Stack: [0x0000000002120000,0x0000000002220000],  sp=0x000000000221f1d8,  free space=1020k
Native frames: (J=compiled Java code, j=interpreted, Vv=VM code, C=native code)
C  [nvoglv64.DLL+0x15c2a69]
C  0x0000000000000020

Java frames: (J=compiled Java code, j=interpreted, Vv=VM code)
j  org.lwjgl.opengl.GL11.nglDrawArrays(IIIJ)V+0
j  org.lwjgl.opengl.GL11.glDrawArrays(III)V+20
j  object.terrain.terrain.TerrainNode.render(Lshader/terrain/TerrainShader;Lprimitive/buffer/VAO;)V+44
j  renderer.terrain.TerrainRenderer.renderLow(Ljava/util/Collection;Ljava/util/Collection;Lobject/camera/ICamera;)V+167
j  renderer.main.MainRenderer.renderLowQualityScene(Ljava/util/Map;Ljava/util/Collection;Ljava/util/Collection;Lobject/camera/ICamera;)V+24
j  renderer.environment.EnvironmentMapRenderer.render(Lobject/scene/IScene;Lrenderer/main/MainRenderer;Lobject/entity/entity/IEntity;)V+209
j  renderer.main.MainRenderer.renderScene(Lobject/scene/IScene;Lorg/lwjgl/util/vector/Vector4f;Z)V+79
j  renderer.main.MainRenderer.renderScene(Lobject/scene/IScene;Lorg/lwjgl/util/vector/Vector4f;)V+4
j  renderer.scene.GameSceneRenderer.renderToScreen()V+37
j  renderer.scene.GameSceneRenderer.render(Z)V+28
j  core.loop.Loop.update()V+40
j  core.loop.Loop.run()V+18
j  core.EngineMain.main([Ljava/lang/String;)V+9
v  ~StubRoutines::call_stub

---------------  P R O C E S S  ---------------

Java Threads: ( => current thread )
  0x00000000639fa000 JavaThread "ForkJoinPool.commonPool-worker-7" daemon [_thread_blocked, id=6292, stack(0x00000000664d0000,0x00000000665d0000)]
  0x0000000067519000 JavaThread "ForkJoinPool.commonPool-worker-6" daemon [_thread_blocked, id=5816, stack(0x0000000066900000,0x0000000066a00000)]
  0x00000000633dc800 JavaThread "ForkJoinPool.commonPool-worker-5" daemon [_thread_blocked, id=3908, stack(0x0000000066740000,0x0000000066840000)]
  0x0000000063a44800 JavaThread "ForkJoinPool.commonPool-worker-4" daemon [_thread_blocked, id=2920, stack(0x00000000665d0000,0x00000000666d0000)]
  0x00000000633d9000 JavaThread "ForkJoinPool.commonPool-worker-3" daemon [_thread_blocked, id=6496, stack(0x0000000065e30000,0x0000000065f30000)]
  0x0000000063705800 JavaThread "ForkJoinPool.commonPool-worker-2" daemon [_thread_blocked, id=3312, stack(0x00000000644a0000,0x00000000645a0000)]
  0x0000000067473800 JavaThread "ForkJoinPool.commonPool-worker-1" daemon [_thread_blocked, id=6356, stack(0x0000000065a30000,0x0000000065b30000)]
  0x0000000058cb8800 JavaThread "Service Thread" daemon [_thread_blocked, id=4104, stack(0x000000005a990000,0x000000005aa90000)]
  0x0000000058c3d000 JavaThread "C1 CompilerThread3" daemon [_thread_in_vm, id=6756, stack(0x000000005a7e0000,0x000000005a8e0000)]
  0x0000000058c33000 JavaThread "C2 CompilerThread2" daemon [_thread_in_native, id=6208, stack(0x000000005a6a0000,0x000000005a7a0000)]
  0x0000000058c2c000 JavaThread "C2 CompilerThread1" daemon [_thread_in_native, id=4384, stack(0x000000005a580000,0x000000005a680000)]
  0x0000000058c26800 JavaThread "C2 CompilerThread0" daemon [_thread_in_native, id=5624, stack(0x000000005a2d0000,0x000000005a3d0000)]
  0x0000000058c23800 JavaThread "Attach Listener" daemon [_thread_blocked, id=6832, stack(0x000000005a120000,0x000000005a220000)]
  0x0000000058c22000 JavaThread "Signal Dispatcher" daemon [_thread_blocked, id=5728, stack(0x0000000059b80000,0x0000000059c80000)]
  0x0000000057b71000 JavaThread "Finalizer" daemon [_thread_blocked, id=5520, stack(0x0000000059fc0000,0x000000005a0c0000)]
  0x0000000057b6a800 JavaThread "Reference Handler" daemon [_thread_blocked, id=5960, stack(0x0000000059e20000,0x0000000059f20000)]
=>0x000000000226e800 JavaThread "main" [_thread_in_native, id=3680, stack(0x0000000002120000,0x0000000002220000)]

Other Threads:
  0x0000000058bd2800 VMThread [stack: 0x0000000059cf0000,0x0000000059df0000] [id=6540]
  0x0000000058ccf800 WatcherThread [stack: 0x000000005ab60000,0x000000005ac60000] [id=6624]

VM state:not at safepoint (normal execution)

VM Mutex/Monitor currently owned by a thread:  ([mutex/lock_event])
[0x000000000226d7a0] MethodData_lock - owner thread: 0x0000000058c3d000

Heap:
 PSYoungGen      total 73216K, used 12802K [0x00000000d5980000, 0x00000000da980000, 0x0000000100000000)
  eden space 66048K, 10% used [0x00000000d5980000,0x00000000d6028720,0x00000000d9a00000)
  from space 7168K, 83% used [0x00000000da180000,0x00000000da7583a8,0x00000000da880000)
  to   space 7680K, 0% used [0x00000000d9a00000,0x00000000d9a00000,0x00000000da180000)
 ParOldGen       total 87552K, used 27363K [0x0000000080c00000, 0x0000000086180000, 0x00000000d5980000)
  object space 87552K, 31% used [0x0000000080c00000,0x00000000826b8f38,0x0000000086180000)
 Metaspace       used 10228K, capacity 10677K, committed 10752K, reserved 1058816K
  class space    used 1096K, capacity 1209K, committed 1280K, reserved 1048576K

Card table byte_map: [0x0000000011a80000,0x0000000011e80000] byte_map_base: 0x000000001167a000

Marking Bits: (ParMarkBitMap*) 0x000000006546d850
 Begin Bits: [0x0000000012de0000, 0x0000000014db0000)
 End Bits:   [0x0000000014db0000, 0x0000000016d80000)

Polling page: 0x0000000000250000

CodeCache: size=245760Kb used=5540Kb max_used=5553Kb free=240219Kb
 bounds [0x00000000026c0000, 0x0000000002c40000, 0x00000000116c0000]
 total_blobs=2168 nmethods=1675 adapters=405
 compilation: enabled

Compilation events (10 events):
Event: 7.800 Thread 0x0000000058c33000 nmethod 1666 0x0000000002c2a290 code [0x0000000002c2a420, 0x0000000002c2a678]
Event: 7.800 Thread 0x0000000058c3d000 1676       3       renderer.environment.EnvironmentMapRenderer$$Lambda$76/32102177::accept (16 bytes)
Event: 7.800 Thread 0x0000000058c3d000 nmethod 1676 0x0000000002c246d0 code [0x0000000002c24840, 0x0000000002c24ac8]
Event: 7.800 Thread 0x0000000058c3d000 1677       3       renderer.environment.EnvironmentMapRenderer::lambda$2 (61 bytes)
Event: 7.800 Thread 0x0000000058c3d000 nmethod 1677 0x0000000002c2aa50 code [0x0000000002c2ac60, 0x0000000002c2b758]
Event: 7.800 Thread 0x0000000058c2c000 1679       4       java.util.ArrayList::forEach (75 bytes)
Event: 7.800 Thread 0x0000000058c26800 1680       4       renderer.environment.EnvironmentMapRenderer$$Lambda$74/706796191::test (12 bytes)
Event: 7.801 Thread 0x0000000058c33000 1681       4       renderer.environment.EnvironmentMapRenderer$$Lambda$75/1086342015::accept (12 bytes)
Event: 7.801 Thread 0x0000000058c26800 nmethod 1680 0x0000000002c27ed0 code [0x0000000002c28000, 0x0000000002c280d8]
Event: 7.801 Thread 0x0000000058c26800 1682       4       renderer.environment.EnvironmentMapRenderer$$Lambda$76/32102177::accept (16 bytes)

GC Heap History (10 events):
Event: 5.042 GC heap before
{Heap before GC invocations=2 (full 0):
 PSYoungGen      total 38400K, used 36133K [0x00000000d5980000, 0x00000000d8400000, 0x0000000100000000)
  eden space 33280K, 99% used [0x00000000d5980000,0x00000000d79ffff0,0x00000000d7a00000)
  from space 5120K, 55% used [0x00000000d7a00000,0x00000000d7cc96c8,0x00000000d7f00000)
  to   space 5120K, 0% used [0x00000000d7f00000,0x00000000d7f00000,0x00000000d8400000)
 ParOldGen       total 87552K, used 80K [0x0000000080c00000, 0x0000000086180000, 0x00000000d5980000)
  object space 87552K, 0% used [0x0000000080c00000,0x0000000080c14010,0x0000000086180000)
 Metaspace       used 8197K, capacity 8373K, committed 8704K, reserved 1056768K
  class space    used 849K, capacity 925K, committed 1024K, reserved 1048576K
Event: 5.045 GC heap after
Heap after GC invocations=2 (full 0):
 PSYoungGen      total 38400K, used 5092K [0x00000000d5980000, 0x00000000d8400000, 0x0000000100000000)
  eden space 33280K, 0% used [0x00000000d5980000,0x00000000d5980000,0x00000000d7a00000)
  from space 5120K, 99% used [0x00000000d7f00000,0x00000000d83f9068,0x00000000d8400000)
  to   space 5120K, 0% used [0x00000000d7a00000,0x00000000d7a00000,0x00000000d7f00000)
 ParOldGen       total 87552K, used 724K [0x0000000080c00000, 0x0000000086180000, 0x00000000d5980000)
  object space 87552K, 0% used [0x0000000080c00000,0x0000000080cb5128,0x0000000086180000)
 Metaspace       used 8197K, capacity 8373K, committed 8704K, reserved 1056768K
  class space    used 849K, capacity 925K, committed 1024K, reserved 1048576K
}
Event: 6.966 GC heap before
{Heap before GC invocations=3 (full 0):
 PSYoungGen      total 38400K, used 36856K [0x00000000d5980000, 0x00000000d8400000, 0x0000000100000000)
  eden space 33280K, 95% used [0x00000000d5980000,0x00000000d7885148,0x00000000d7a00000)
  from space 5120K, 99% used [0x00000000d7f00000,0x00000000d83f9068,0x00000000d8400000)
  to   space 5120K, 0% used [0x00000000d7a00000,0x00000000d7a00000,0x00000000d7f00000)
 ParOldGen       total 87552K, used 26531K [0x0000000080c00000, 0x0000000086180000, 0x00000000d5980000)
  object space 87552K, 30% used [0x0000000080c00000,0x00000000825e8f38,0x0000000086180000)
 Metaspace       used 9295K, capacity 9535K, committed 9856K, reserved 1058816K
  class space    used 982K, capacity 1058K, committed 1152K, reserved 1048576K
Event: 6.969 GC heap after
Heap after GC invocations=3 (full 0):
 PSYoungGen      total 38400K, used 3891K [0x00000000d5980000, 0x00000000d8400000, 0x0000000100000000)
  eden space 33280K, 0% used [0x00000000d5980000,0x00000000d5980000,0x00000000d7a00000)
  from space 5120K, 76% used [0x00000000d7a00000,0x00000000d7dcce78,0x00000000d7f00000)
  to   space 5120K, 0% used [0x00000000d7f00000,0x00000000d7f00000,0x00000000d8400000)
 ParOldGen       total 87552K, used 26539K [0x0000000080c00000, 0x0000000086180000, 0x00000000d5980000)
  object space 87552K, 30% used [0x0000000080c00000,0x00000000825eaf38,0x0000000086180000)
 Metaspace       used 9295K, capacity 9535K, committed 9856K, reserved 1058816K
  class space    used 982K, capacity 1058K, committed 1152K, reserved 1048576K
}
Event: 7.278 GC heap before
{Heap before GC invocations=4 (full 0):
 PSYoungGen      total 38400K, used 37171K [0x00000000d5980000, 0x00000000d8400000, 0x0000000100000000)
  eden space 33280K, 100% used [0x00000000d5980000,0x00000000d7a00000,0x00000000d7a00000)
  from space 5120K, 76% used [0x00000000d7a00000,0x00000000d7dcce78,0x00000000d7f00000)
  to   space 5120K, 0% used [0x00000000d7f00000,0x00000000d7f00000,0x00000000d8400000)
 ParOldGen       total 87552K, used 26539K [0x0000000080c00000, 0x0000000086180000, 0x00000000d5980000)
  object space 87552K, 30% used [0x0000000080c00000,0x00000000825eaf38,0x0000000086180000)
 Metaspace       used 9483K, capacity 9799K, committed 10112K, reserved 1058816K
  class space    used 1003K, capacity 1090K, committed 1152K, reserved 1048576K
Event: 7.281 GC heap after
Heap after GC invocations=4 (full 0):
 PSYoungGen      total 38400K, used 5104K [0x00000000d5980000, 0x00000000d8400000, 0x0000000100000000)
  eden space 33280K, 0% used [0x00000000d5980000,0x00000000d5980000,0x00000000d7a00000)
  from space 5120K, 99% used [0x00000000d7f00000,0x00000000d83fc0c0,0x00000000d8400000)
  to   space 5120K, 0% used [0x00000000d7a00000,0x00000000d7a00000,0x00000000d7f00000)
 ParOldGen       total 87552K, used 26995K [0x0000000080c00000, 0x0000000086180000, 0x00000000d5980000)
  object space 87552K, 30% used [0x0000000080c00000,0x000000008265cf38,0x0000000086180000)
 Metaspace       used 9483K, capacity 9799K, committed 10112K, reserved 1058816K
  class space    used 1003K, capacity 1090K, committed 1152K, reserved 1048576K
}
Event: 7.372 GC heap before
{Heap before GC invocations=5 (full 0):
 PSYoungGen      total 38400K, used 38384K [0x00000000d5980000, 0x00000000d8400000, 0x0000000100000000)
  eden space 33280K, 100% used [0x00000000d5980000,0x00000000d7a00000,0x00000000d7a00000)
  from space 5120K, 99% used [0x00000000d7f00000,0x00000000d83fc0c0,0x00000000d8400000)
  to   space 5120K, 0% used [0x00000000d7a00000,0x00000000d7a00000,0x00000000d7f00000)
 ParOldGen       total 87552K, used 26995K [0x0000000080c00000, 0x0000000086180000, 0x00000000d5980000)
  object space 87552K, 30% used [0x0000000080c00000,0x000000008265cf38,0x0000000086180000)
 Metaspace       used 9483K, capacity 9799K, committed 10112K, reserved 1058816K
  class space    used 1003K, capacity 1090K, committed 1152K, reserved 1048576K
Event: 7.375 GC heap after
Heap after GC invocations=5 (full 0):
 PSYoungGen      total 38400K, used 5088K [0x00000000d5980000, 0x00000000da880000, 0x0000000100000000)
  eden space 33280K, 0% used [0x00000000d5980000,0x00000000d5980000,0x00000000d7a00000)
  from space 5120K, 99% used [0x00000000d7a00000,0x00000000d7ef80b0,0x00000000d7f00000)
  to   space 7168K, 0% used [0x00000000da180000,0x00000000da180000,0x00000000da880000)
 ParOldGen       total 87552K, used 27355K [0x0000000080c00000, 0x0000000086180000, 0x00000000d5980000)
  object space 87552K, 31% used [0x0000000080c00000,0x00000000826b6f38,0x0000000086180000)
 Metaspace       used 9483K, capacity 9799K, committed 10112K, reserved 1058816K
  class space    used 1003K, capacity 1090K, committed 1152K, reserved 1048576K
}
Event: 7.649 GC heap before
{Heap before GC invocations=6 (full 0):
 PSYoungGen      total 38400K, used 35996K [0x00000000d5980000, 0x00000000da880000, 0x0000000100000000)
  eden space 33280K, 92% used [0x00000000d5980000,0x00000000d77af270,0x00000000d7a00000)
  from space 5120K, 99% used [0x00000000d7a00000,0x00000000d7ef80b0,0x00000000d7f00000)
  to   space 7168K, 0% used [0x00000000da180000,0x00000000da180000,0x00000000da880000)
 ParOldGen       total 87552K, used 27355K [0x0000000080c00000, 0x0000000086180000, 0x00000000d5980000)
  object space 87552K, 31% used [0x0000000080c00000,0x00000000826b6f38,0x0000000086180000)
 Metaspace       used 9751K, capacity 10037K, committed 10112K, reserved 1058816K
  class space    used 1023K, capacity 1123K, committed 1152K, reserved 1048576K
Event: 7.653 GC heap after
Heap after GC invocations=6 (full 0):
 PSYoungGen      total 73216K, used 5984K [0x00000000d5980000, 0x00000000da980000, 0x0000000100000000)
  eden space 66048K, 0% used [0x00000000d5980000,0x00000000d5980000,0x00000000d9a00000)
  from space 7168K, 83% used [0x00000000da180000,0x00000000da7583a8,0x00000000da880000)
  to   space 7680K, 0% used [0x00000000d9a00000,0x00000000d9a00000,0x00000000da180000)
 ParOldGen       total 87552K, used 27363K [0x0000000080c00000, 0x0000000086180000, 0x00000000d5980000)
  object space 87552K, 31% used [0x0000000080c00000,0x00000000826b8f38,0x0000000086180000)
 Metaspace       used 9751K, capacity 10037K, committed 10112K, reserved 1058816K
  class space    used 1023K, capacity 1123K, committed 1152K, reserved 1048576K
}

Deoptimization events (10 events):
Event: 7.794 Thread 0x000000000226e800 Uncommon trap: reason=class_check action=maybe_recompile pc=0x0000000002b7b748 method=java.util.concurrent.CountedCompleter.exec()Z @ 1
Event: 7.794 Thread 0x000000000226e800 Uncommon trap: reason=speculate_class_check action=maybe_recompile pc=0x0000000002b7197c method=java.util.concurrent.ForkJoinTask.externalAwaitDone()I @ 1
Event: 7.796 Thread 0x000000000226e800 Uncommon trap: reason=class_check action=maybe_recompile pc=0x0000000002b5b08c method=java.util.concurrent.ForkJoinTask.doExec()I @ 10
Event: 7.796 Thread 0x000000000226e800 Uncommon trap: reason=class_check action=maybe_recompile pc=0x0000000002b7b748 method=java.util.concurrent.CountedCompleter.exec()Z @ 1
Event: 7.796 Thread 0x000000000226e800 Uncommon trap: reason=speculate_class_check action=maybe_recompile pc=0x0000000002b7197c method=java.util.concurrent.ForkJoinTask.externalAwaitDone()I @ 1
Event: 7.797 Thread 0x000000000226e800 Uncommon trap: reason=class_check action=maybe_recompile pc=0x0000000002b3af68 method=java.util.stream.ReferencePipeline$2$1.begin(J)V @ 7
Event: 7.797 Thread 0x000000000226e800 Uncommon trap: reason=bimorphic action=maybe_recompile pc=0x0000000002adea68 method=java.util.stream.ForEachOps$ForEachOp$OfRef.accept(Ljava/lang/Object;)V @ 5
Event: 7.798 Thread 0x000000000226e800 Uncommon trap: reason=bimorphic action=maybe_recompile pc=0x0000000002adea68 method=java.util.stream.ForEachOps$ForEachOp$OfRef.accept(Ljava/lang/Object;)V @ 5
Event: 7.798 Thread 0x000000000226e800 Uncommon trap: reason=bimorphic action=maybe_recompile pc=0x0000000002adea68 method=java.util.stream.ForEachOps$ForEachOp$OfRef.accept(Ljava/lang/Object;)V @ 5
Event: 7.798 Thread 0x000000000226e800 Uncommon trap: reason=bimorphic action=maybe_recompile pc=0x0000000002adea68 method=java.util.stream.ForEachOps$ForEachOp$OfRef.accept(Ljava/lang/Object;)V @ 5

Internal exceptions (10 events):
Event: 5.084 Thread 0x000000000226e800 Exception <a 'java/security/PrivilegedActionException'> (0x00000000d5b9f308) thrown at [C:\re\workspace\8-2-build-windows-amd64-cygwin\jdk8u141\9370\hotspot\src\share\vm\prims\jvm.cpp, line 1390]
Event: 5.085 Thread 0x000000000226e800 Exception <a 'java/security/PrivilegedActionException'> (0x00000000d5b9ff60) thrown at [C:\re\workspace\8-2-build-windows-amd64-cygwin\jdk8u141\9370\hotspot\src\share\vm\prims\jvm.cpp, line 1390]
Event: 5.085 Thread 0x000000000226e800 Exception <a 'java/security/PrivilegedActionException'> (0x00000000d5ba0b88) thrown at [C:\re\workspace\8-2-build-windows-amd64-cygwin\jdk8u141\9370\hotspot\src\share\vm\prims\jvm.cpp, line 1390]
Event: 5.085 Thread 0x000000000226e800 Exception <a 'java/security/PrivilegedActionException'> (0x00000000d5ba1f48) thrown at [C:\re\workspace\8-2-build-windows-amd64-cygwin\jdk8u141\9370\hotspot\src\share\vm\prims\jvm.cpp, line 1390]
Event: 5.085 Thread 0x000000000226e800 Exception <a 'java/security/PrivilegedActionException'> (0x00000000d5ba2ba0) thrown at [C:\re\workspace\8-2-build-windows-amd64-cygwin\jdk8u141\9370\hotspot\src\share\vm\prims\jvm.cpp, line 1390]
Event: 5.085 Thread 0x000000000226e800 Exception <a 'java/security/PrivilegedActionException'> (0x00000000d5ba37c8) thrown at [C:\re\workspace\8-2-build-windows-amd64-cygwin\jdk8u141\9370\hotspot\src\share\vm\prims\jvm.cpp, line 1390]
Event: 7.776 Thread 0x000000000226e800 Implicit null exception at 0x0000000002bc509f to 0x0000000002bc5169
Event: 7.777 Thread 0x000000000226e800 Implicit null exception at 0x0000000002bc4cac to 0x0000000002bc4d4d
Event: 7.785 Thread 0x000000000226e800 Exception <a 'java/lang/NoSuchMethodError': java.lang.Object.lambda$minBy$0(Ljava/util/Comparator;Ljava/lang/Object;Ljava/lang/Object;)Ljava/lang/Object;> (0x00000000d5f109b8) thrown at [C:\re\workspace\8-2-build-windows-amd64-cygwin\jdk8u141\9370\hotspot
Event: 7.786 Thread 0x000000000226e800 Exception <a 'java/lang/NoSuchMethodError': java.lang.Object.lambda$maxBy$1(Ljava/util/Comparator;Ljava/lang/Object;Ljava/lang/Object;)Ljava/lang/Object;> (0x00000000d5f1c9a0) thrown at [C:\re\workspace\8-2-build-windows-amd64-cygwin\jdk8u141\9370\hotspot

Events (10 events):
Event: 7.802 loading class renderer/entity/DecorEntityRenderer
Event: 7.802 loading class renderer/entity/DecorEntityRenderer done
Event: 7.802 loading class primitive/model/Model
Event: 7.802 loading class primitive/model/Model done
Event: 7.802 loading class renderer/entity/NormalEntityRenderer
Event: 7.802 loading class renderer/entity/NormalEntityRenderer done
Event: 7.803 loading class primitive/model/Model
Event: 7.803 loading class primitive/model/Model done
Event: 7.803 loading class renderer/entity/TexturedEntityRenderer
Event: 7.803 loading class renderer/entity/TexturedEntityRenderer done


Dynamic libraries:
0x000000013f2b0000 - 0x000000013f2e7000 	C:\Program Files\Java\jre1.8.0_141\bin\javaw.exe
0x0000000076d40000 - 0x0000000076ee9000 	C:\Windows\SYSTEM32\ntdll.dll
0x000007fef8200000 - 0x000007fef8233000 	C:\Program Files\AVAST Software\Avast\x64\aswhooka.dll
0x0000000076c20000 - 0x0000000076d3f000 	C:\Windows\system32\kernel32.dll
0x000007fefd4a0000 - 0x000007fefd50b000 	C:\Windows\system32\KERNELBASE.dll
0x000007fefdd30000 - 0x000007fefde0b000 	C:\Windows\system32\ADVAPI32.dll
0x000007fefdfb0000 - 0x000007fefe04f000 	C:\Windows\system32\msvcrt.dll
0x000007fefde10000 - 0x000007fefde2f000 	C:\Windows\SYSTEM32\sechost.dll
0x000007fefd640000 - 0x000007fefd76d000 	C:\Windows\system32\RPCRT4.dll
0x0000000076660000 - 0x000000007675a000 	C:\Windows\system32\USER32.dll
0x000007fefd580000 - 0x000007fefd5e7000 	C:\Windows\system32\GDI32.dll
0x000007fefd570000 - 0x000007fefd57e000 	C:\Windows\system32\LPK.dll
0x000007fefdee0000 - 0x000007fefdfa9000 	C:\Windows\system32\USP10.dll
0x000007fefb800000 - 0x000007fefb9f4000 	C:\Windows\WinSxS\amd64_microsoft.windows.common-controls_6595b64144ccf1df_6.0.7601.17514_none_fa396087175ac9ac\COMCTL32.dll
0x000007fefde30000 - 0x000007fefdea1000 	C:\Windows\system32\SHLWAPI.dll
0x000007fefdeb0000 - 0x000007fefdede000 	C:\Windows\system32\IMM32.DLL
0x000007fefd770000 - 0x000007fefd879000 	C:\Windows\system32\MSCTF.dll
0x000000005bbc0000 - 0x000000005bc92000 	C:\Program Files\Java\jre1.8.0_141\bin\msvcr100.dll
0x0000000064c50000 - 0x00000000654ed000 	C:\Program Files\Java\jre1.8.0_141\bin\server\jvm.dll
0x000007fef9990000 - 0x000007fef9999000 	C:\Windows\system32\WSOCK32.dll
0x000007fefd5f0000 - 0x000007fefd63d000 	C:\Windows\system32\WS2_32.dll
0x000007fefe0d0000 - 0x000007fefe0d8000 	C:\Windows\system32\NSI.dll
0x000007fefad50000 - 0x000007fefad8b000 	C:\Windows\system32\WINMM.dll
0x000007fefc0b0000 - 0x000007fefc0bc000 	C:\Windows\system32\VERSION.dll
0x0000000076f00000 - 0x0000000076f07000 	C:\Windows\system32\PSAPI.DLL
0x0000000071cf0000 - 0x0000000071cff000 	C:\Program Files\Java\jre1.8.0_141\bin\verify.dll
0x0000000071cc0000 - 0x0000000071ce9000 	C:\Program Files\Java\jre1.8.0_141\bin\java.dll
0x0000000071ca0000 - 0x0000000071cb6000 	C:\Program Files\Java\jre1.8.0_141\bin\zip.dll
0x000007fefe2c0000 - 0x000007feff048000 	C:\Windows\system32\SHELL32.dll
0x000007fefd880000 - 0x000007fefda83000 	C:\Windows\system32\ole32.dll
0x000007fefd1a0000 - 0x000007fefd1af000 	C:\Windows\system32\profapi.dll
0x0000000180000000 - 0x0000000180051000 	D:\projects\Java Projects\GameEngine\library\natives\lwjgl64.dll
0x000007feee0f0000 - 0x000007feee20d000 	C:\Windows\system32\OPENGL32.dll
0x000007feee570000 - 0x000007feee59d000 	C:\Windows\system32\GLU32.dll
0x000007feedff0000 - 0x000007feee0e1000 	C:\Windows\system32\DDRAW.dll
0x000007feee5f0000 - 0x000007feee5f8000 	C:\Windows\system32\DCIMAN32.dll
0x000007fefe0e0000 - 0x000007fefe2b7000 	C:\Windows\system32\SETUPAPI.dll
0x000007fefd3c0000 - 0x000007fefd3f6000 	C:\Windows\system32\CFGMGR32.dll
0x000007fefdbb0000 - 0x000007fefdc87000 	C:\Windows\system32\OLEAUT32.dll
0x000007fefd510000 - 0x000007fefd52a000 	C:\Windows\system32\DEVOBJ.dll
0x000007fefac50000 - 0x000007fefac68000 	C:\Windows\system32\dwmapi.dll
0x000007fefb780000 - 0x000007fefb7d6000 	C:\Windows\system32\uxtheme.dll
0x000000005bca0000 - 0x000000005de06000 	C:\Windows\system32\nvoglv64.DLL
0x000007fefc420000 - 0x000007fefc431000 	C:\Windows\system32\WTSAPI32.dll
0x000007fef7ab0000 - 0x000007fef7bd5000 	C:\Windows\system32\Dbghelp.dll
0x000007fefd530000 - 0x000007fefd56b000 	C:\Windows\system32\WINTRUST.dll
0x000007fefd250000 - 0x000007fefd3bd000 	C:\Windows\system32\CRYPT32.dll
0x000007fefd240000 - 0x000007fefd24f000 	C:\Windows\system32\MSASN1.dll
0x000007fefb530000 - 0x000007fefb55d000 	C:\Windows\system32\ntmarta.dll
0x000007fefda90000 - 0x000007fefdae2000 	C:\Windows\system32\WLDAP32.dll
0x000007fefd0d0000 - 0x000007fefd0df000 	C:\Windows\system32\CRYPTBASE.dll
0x000007fefdc90000 - 0x000007fefdd29000 	C:\Windows\system32\CLBCatQ.DLL
0x000007fef1bf0000 - 0x000007fef1d23000 	C:\Windows\system32\ime\imejp10\imjptip.dll
0x000007fefa350000 - 0x000007fefa3a4000 	C:\Windows\system32\OLEACC.dll
0x000007fef1b00000 - 0x000007fef1be6000 	C:\Windows\system32\imjp10k.dll
0x000007fef23f0000 - 0x000007fef2495000 	C:\Windows\system32\ime\shared\imetip.dll
0x000007fef76c0000 - 0x000007fef76ce000 	C:\Windows\system32\ime\shared\imecfm.dll
0x000007fef17c0000 - 0x000007fef184a000 	C:\Windows\system32\ime\imejp10\imjpapi.dll
0x000007fef2fa0000 - 0x000007fef2fcd000 	C:\Windows\system32\ime\shared\imjkapi.dll
0x000007fef9f80000 - 0x000007fefa01c000 	C:\Windows\system32\mscms.dll
0x000007fefc4a0000 - 0x000007fefc4be000 	C:\Windows\system32\USERENV.dll
0x000007feee3b0000 - 0x000007feee3f2000 	C:\Windows\system32\icm32.dll
0x000007fefc570000 - 0x000007fefc5ad000 	C:\Windows\system32\WINSTA.dll
0x0000000065bf0000 - 0x0000000065d88000 	C:\Program Files\Java\jre1.8.0_141\bin\awt.dll
0x0000000059c80000 - 0x0000000059ce4000 	D:\projects\Java Projects\GameEngine\library\natives\OpenAL64.dll
0x000007fefbba0000 - 0x000007fefbbeb000 	C:\Windows\System32\MMDevApi.dll
0x000007fefba70000 - 0x000007fefbb9c000 	C:\Windows\System32\PROPSYS.dll
0x000007feed400000 - 0x000007feed488000 	C:\Windows\system32\dsound.dll
0x000007fefbbf0000 - 0x000007fefbc1c000 	C:\Windows\system32\POWRPROF.dll
0x000007fefabc0000 - 0x000007fefac0f000 	C:\Windows\system32\AUDIOSES.DLL

VM Arguments:
jvm_args: -Djava.library.path=D:\projects\Java Projects\GameEngine\library\natives -Dfile.encoding=Cp1251 
java_command: core.EngineMain
java_class_path (initial): D:\projects\Java Projects\GameEngine\target\classes;D:\projects\Java Projects\GameEngine\library\jar\slick-util.jar;D:\projects\Java Projects\GameEngine\library\jar\lwjgl.jar;C:\Users\homelleon\.m2\repository\org\lwjgl\lwjgl\lwjgl_util\2.9.3\lwjgl_util-2.9.3.jar;C:\Users\homelleon\.m2\repository\org\lwjgl\lwjgl\lwjgl\2.9.3\lwjgl-2.9.3.jar;C:\Users\homelleon\.m2\repository\org\lwjgl\lwjgl\lwjgl-platform\2.9.3\lwjgl-platform-2.9.3-natives-windows.jar;C:\Users\homelleon\.m2\repository\org\lwjgl\lwjgl\lwjgl-platform\2.9.3\lwjgl-platform-2.9.3-natives-linux.jar;C:\Users\homelleon\.m2\repository\org\lwjgl\lwjgl\lwjgl-platform\2.9.3\lwjgl-platform-2.9.3-natives-osx.jar;C:\Users\homelleon\.m2\repository\net\java\jinput\jinput\2.0.5\jinput-2.0.5.jar;C:\Users\homelleon\.m2\repository\net\java\jutils\jutils\1.0.0\jutils-1.0.0.jar;C:\Users\homelleon\.m2\repository\net\java\jinput\jinput-platform\2.0.5\jinput-platform-2.0.5-natives-linux.jar;C:\Users\homelleon\.m2\repository\net\java\jinput\jinput-platform\2.0.5\jinput-platform-2.0.5-natives-windows.jar;C:\Users\homelleon\.m2\repository\net\java\jinput\jinput-platform\2.0.5\jinput-platform-2.0.5-natives-osx.jar;C:\Users\homelleon\.m2\repository\im\bci\pngdecoder\0.12\pngdecoder-0.12.jar;C:\Users\homelleon\.m2\repository\org\lwjgl\lwjgl-stb\3.1.2\lwjgl-stb-3.1.2.jar;C:\Users\homelleon\.m2\repository\org\lwjgl\lwjgl\3.1.2\lwjgl-3.1.2.jar
Launcher Type: SUN_STANDARD

Environment Variables:
PATH=C:/Program Files/Java/jre1.8.0_141/bin/server;C:/Program Files/Java/jre1.8.0_141/bin;C:/Program Files/Java/jre1.8.0_141/lib/amd64;C:\Program Files\Common Files\Microsoft Shared\Windows Live;C:\Program Files (x86)\Common Files\Microsoft Shared\Windows Live;D:\Program Files (x86)\Borland\Delphi7\Bin;D:\Program Files (x86)\Borland\Delphi7\Projects\Bpl\;C:\ProgramData\Oracle\Java\javapath;D:\Inprise\vbroker\bin;C:\Windows\system32;C:\Windows;C:\Windows\System32\Wbem;C:\Windows\System32\WindowsPowerShell\v1.0\;C:\Program Files\Common Files\Autodesk Shared\;C:\Program Files (x86)\Microsoft SDKs\TypeScript\1.0\;C:\Program Files (x86)\Windows Live\Shared;C:\Program Files (x86)\sbt\bin;C:\Program Files (x86)\NVIDIA Corporation\PhysX\Common;C:\Program Files (x86)\Windows Kits\8.1\Windows Performance Toolkit\;D:\Program Files\nodejs\;D:\projects\wamp64\bin\php\php7.0.10;C:\ProgramData\ComposerSetup\bin;C:\Program Files (x86)\Skype\Phone\;C:\Windows\System32\WindowsPowerShell\v1.0\;C:\Program Files\Git\cmd;C:\Users\homelleon\AppData\Roaming\npm;C:\Users\homelleon\AppData\Roaming\Composer\vendor\bin; D:\projects\Web\Symfony;C:\Users\homelleon\Desktop;
USERNAME=homelleon
OS=Windows_NT
PROCESSOR_IDENTIFIER=Intel64 Family 6 Model 58 Stepping 9, GenuineIntel



---------------  S Y S T E M  ---------------

OS: Windows 7 , 64 bit Build 7601 (6.1.7601.18015)

CPU:total 8 (initial active 8) (4 cores per cpu, 2 threads per core) family 6 model 58 stepping 9, cmov, cx8, fxsr, mmx, sse, sse2, sse3, ssse3, sse4.1, sse4.2, popcnt, avx, aes, clmul, erms, ht, tsc, tscinvbit, tscinv

Memory: 4k page, physical 8339244k(4379108k free), swap 16676632k(11113824k free)

vm_info: Java HotSpot(TM) 64-Bit Server VM (25.141-b15) for windows-amd64 JRE (1.8.0_141-b15), built on Jul 12 2017 04:25:12 by "java_re" with MS VC++ 10.0 (VS2010)

time: Mon Oct 16 22:38:51 2017
elapsed time: 7 seconds (0d 0h 0m 7s)

