#
# A fatal error has been detected by the Java Runtime Environment:
#
#  EXCEPTION_ACCESS_VIOLATION (0xc0000005) at pc=0x000000005eaa2a69, pid=6332, tid=0x00000000000018b8
#
# JRE version: Java(TM) SE Runtime Environment (8.0_141-b15) (build 1.8.0_141-b15)
# Java VM: Java HotSpot(TM) 64-Bit Server VM (25.141-b15 mixed mode windows-amd64 compressed oops)
# Problematic frame:
# C  [nvoglv64.DLL+0x15c2a69]
#
# Failed to write core dump. Minidumps are not enabled by default on client versions of Windows
#
# If you would like to submit a bug report, please visit:
#   http://bugreport.java.com/bugreport/crash.jsp
# The crash happened outside the Java Virtual Machine in native code.
# See problematic frame for where to report the bug.
#

---------------  T H R E A D  ---------------

Current thread (0x0000000001d3e800):  JavaThread "main" [_thread_in_native, id=6328, stack(0x0000000002460000,0x0000000002560000)]

siginfo: ExceptionCode=0xc0000005, reading address 0x0000000000000000

Registers:
RAX=0x0000000000000040, RBX=0x000000005b504a38, RCX=0x0000000000000040, RDX=0xffffffff9cbcb034
RSP=0x000000000255e668, RBP=0x0000000000000002, RSI=0x0000000000000000, RDI=0x0000000063434fcc
R8 =0x0000000000000040, R9 =0x0000000000000004, R10=0x0000000000000000, R11=0x0000000063434fcc
R12=0x0000000000000000, R13=0x000000005d4e0000, R14=0x0000000000000002, R15=0x000000005b504798
RIP=0x000000005eaa2a69, EFLAGS=0x0000000000010203

Top of Stack: (sp=0x000000000255e668)
0x000000000255e668:   0000000000000004 0000000063434fcc
0x000000000255e678:   000000005df9635c 0000000001d3e370
0x000000000255e688:   000000005ccfcbdb 000000000255f5e8
0x000000000255e698:   000000005de38b2b 0000000000000000
0x000000000255e6a8:   0000000000000000 0000000000000000
0x000000000255e6b8:   000000000002810b 000000005b504798
0x000000000255e6c8:   000000005df9710e 000000005b500080
0x000000000255e6d8:   0000000000000004 0000000000000005
0x000000000255e6e8:   000000000255e858 0000000001d3e800
0x000000000255e6f8:   000000000255e7e8 0000000057519ba8
0x000000000255e708:   0000000000000000 00000000000057b4
0x000000000255e718:   0000000002847f54 0000000057519ba8
0x000000000255e728:   000000000255e7a8 000000000000577a
0x000000000255e738:   00000000577d4770 0000000000000004
0x000000000255e748:   000000005deec790 000000000255e780
0x000000000255e758:   00000000577d2ac8 00000000577d15f8 

Instructions: (pc=0x000000005eaa2a69)
0x000000005eaa2a49:   03 c0 48 3b c8 0f 8c 96 03 00 00 0f ba 25 ec fa
0x000000005eaa2a59:   a3 00 01 73 13 57 56 48 8b f9 49 8b f2 49 8b c8
0x000000005eaa2a69:   f3 a4 5e 5f 49 8b c3 c3 0f ba 25 cf fa a3 00 02
0x000000005eaa2a79:   0f 82 56 02 00 00 f6 c1 07 74 36 f6 c1 01 74 0b 


Register to memory mapping:

RAX=0x0000000000000040 is an unknown value
RBX=0x000000005b504a38 is an unknown value
RCX=0x0000000000000040 is an unknown value
RDX=0xffffffff9cbcb034 is an unknown value
RSP=0x000000000255e668 is pointing into the stack for thread: 0x0000000001d3e800
RBP=0x0000000000000002 is an unknown value
RSI=0x0000000000000000 is an unknown value
RDI=0x0000000063434fcc is an unknown value
R8 =0x0000000000000040 is an unknown value
R9 =0x0000000000000004 is an unknown value
R10=0x0000000000000000 is an unknown value
R11=0x0000000063434fcc is an unknown value
R12=0x0000000000000000 is an unknown value
R13=0x000000005d4e0000 is an unknown value
R14=0x0000000000000002 is an unknown value
R15=0x000000005b504798 is an unknown value


Stack: [0x0000000002460000,0x0000000002560000],  sp=0x000000000255e668,  free space=1017k
Native frames: (J=compiled Java code, j=interpreted, Vv=VM code, C=native code)
C  [nvoglv64.DLL+0x15c2a69]
C  0x0000000000000004

Java frames: (J=compiled Java code, j=interpreted, Vv=VM code)
j  org.lwjgl.opengl.GL11.nglDrawArrays(IIIJ)V+0
j  org.lwjgl.opengl.GL11.glDrawArrays(III)V+20
j  renderer.object.gui.texture.GUITextureRenderer.render(Ljava/util/Collection;)V+149
j  renderer.object.gui.GUIRenderer.lambda$3(Lobject/gui/gui/IGUI;)V+10
j  renderer.object.gui.GUIRenderer$$Lambda$89.accept(Ljava/lang/Object;)V+8
J 1335 C2 java.util.stream.ReferencePipeline$2$1.accept(Ljava/lang/Object;)V (27 bytes) @ 0x0000000002cb9f94 [0x0000000002cb9f20+0x74]
j  java.util.HashMap$ValueSpliterator.forEachRemaining(Ljava/util/function/Consumer;)V+145
j  java.util.stream.ReferencePipeline$Head.forEach(Ljava/util/function/Consumer;)V+12
J 1440 C1 java.util.stream.ReferencePipeline$7$1.accept(Ljava/lang/Object;)V (126 bytes) @ 0x0000000002cfaca4 [0x0000000002cfa8c0+0x3e4]
j  java.util.ArrayList$ArrayListSpliterator.forEachRemaining(Ljava/util/function/Consumer;)V+99
j  java.util.stream.ReferencePipeline$Head.forEach(Ljava/util/function/Consumer;)V+12
j  java.util.stream.ReferencePipeline$7$1.accept(Ljava/lang/Object;)V+36
j  java.util.stream.IntPipeline$4$1.accept(I)V+17
J 1450 C2 java.util.stream.Streams$RangeIntSpliterator.forEachRemaining(Ljava/util/function/IntConsumer;)V (65 bytes) @ 0x0000000002cfe0ac [0x0000000002cfe040+0x6c]
J 1391 C1 java.util.Spliterator$OfInt.forEachRemaining(Ljava/util/function/Consumer;)V (53 bytes) @ 0x0000000002cdca2c [0x0000000002cdc3a0+0x68c]
J 1280 C1 java.util.stream.AbstractPipeline.copyInto(Ljava/util/stream/Sink;Ljava/util/Spliterator;)V (53 bytes) @ 0x0000000002c9f3d4 [0x0000000002c9ef00+0x4d4]
J 1399 C1 java.util.stream.AbstractPipeline.wrapAndCopyInto(Ljava/util/stream/Sink;Ljava/util/Spliterator;)Ljava/util/stream/Sink; (18 bytes) @ 0x0000000002cdd18c [0x0000000002cdcf60+0x22c]
J 1441 C1 java.util.stream.ForEachOps$ForEachOp$OfRef.evaluateSequential(Ljava/util/stream/PipelineHelper;Ljava/util/Spliterator;)Ljava/lang/Object; (7 bytes) @ 0x0000000002cfcf34 [0x0000000002cfcde0+0x154]
J 1416 C1 java.util.stream.AbstractPipeline.evaluate(Ljava/util/stream/TerminalOp;)Ljava/lang/Object; (94 bytes) @ 0x0000000002cf568c [0x0000000002cf51c0+0x4cc]
J 1356 C1 java.util.stream.ReferencePipeline.forEach(Ljava/util/function/Consumer;)V (11 bytes) @ 0x0000000002cc4b2c [0x0000000002cc4840+0x2ec]
j  renderer.object.gui.GUIRenderer.render(Ljava/util/Collection;)V+120
j  manager.gui.component.GUIComponentManager.render(Ljava/util/Collection;)V+5
j  manager.gui.GUIManager.render()V+13
j  renderer.scene.GameSceneRenderer.renderGUI()V+184
j  renderer.scene.GameSceneRenderer.renderToScreen()V+140
j  renderer.scene.GameSceneRenderer.render(Z)V+32
j  core.loop.Loop.update()V+40
j  core.loop.Loop.run()V+18
j  core.EngineMain.main([Ljava/lang/String;)V+9
v  ~StubRoutines::call_stub

---------------  P R O C E S S  ---------------

Java Threads: ( => current thread )
  0x0000000063fa4800 JavaThread "ForkJoinPool.commonPool-worker-7" daemon [_thread_blocked, id=6128, stack(0x0000000063050000,0x0000000063150000)]
  0x0000000063fa4000 JavaThread "ForkJoinPool.commonPool-worker-6" daemon [_thread_blocked, id=2644, stack(0x00000000653b0000,0x00000000654b0000)]
  0x0000000063fa3000 JavaThread "ForkJoinPool.commonPool-worker-5" daemon [_thread_blocked, id=7112, stack(0x00000000649d0000,0x0000000064ad0000)]
  0x0000000063fa2800 JavaThread "ForkJoinPool.commonPool-worker-4" daemon [_thread_blocked, id=6348, stack(0x0000000065110000,0x0000000065210000)]
  0x0000000063f9f800 JavaThread "ForkJoinPool.commonPool-worker-3" daemon [_thread_blocked, id=3020, stack(0x0000000064ea0000,0x0000000064fa0000)]
  0x0000000063ef3000 JavaThread "ForkJoinPool.commonPool-worker-2" daemon [_thread_blocked, id=6792, stack(0x0000000064fa0000,0x00000000650a0000)]
  0x0000000064344000 JavaThread "ForkJoinPool.commonPool-worker-1" daemon [_thread_blocked, id=5824, stack(0x0000000064cf0000,0x0000000064df0000)]
  0x0000000058baf800 JavaThread "Service Thread" daemon [_thread_blocked, id=6496, stack(0x000000005aad0000,0x000000005abd0000)]
  0x0000000058b30800 JavaThread "C1 CompilerThread3" daemon [_thread_blocked, id=3712, stack(0x000000005a290000,0x000000005a390000)]
  0x0000000058b26800 JavaThread "C2 CompilerThread2" daemon [_thread_in_native, id=6440, stack(0x000000005a820000,0x000000005a920000)]
  0x0000000058b19800 JavaThread "C2 CompilerThread1" daemon [_thread_in_native, id=6500, stack(0x000000005a520000,0x000000005a620000)]
  0x0000000058b05800 JavaThread "C2 CompilerThread0" daemon [_thread_in_native, id=6740, stack(0x000000005a650000,0x000000005a750000)]
  0x0000000058b02800 JavaThread "Attach Listener" daemon [_thread_blocked, id=5284, stack(0x000000005a3f0000,0x000000005a4f0000)]
  0x0000000058b01800 JavaThread "Signal Dispatcher" daemon [_thread_blocked, id=6736, stack(0x000000005a190000,0x000000005a290000)]
  0x0000000057a50800 JavaThread "Finalizer" daemon [_thread_blocked, id=5232, stack(0x0000000059ea0000,0x0000000059fa0000)]
  0x0000000057a49800 JavaThread "Reference Handler" daemon [_thread_blocked, id=6708, stack(0x0000000059da0000,0x0000000059ea0000)]
=>0x0000000001d3e800 JavaThread "main" [_thread_in_native, id=6328, stack(0x0000000002460000,0x0000000002560000)]

Other Threads:
  0x0000000058ab2800 VMThread [stack: 0x0000000059bd0000,0x0000000059cd0000] [id=2448]
  0x0000000058bbe800 WatcherThread [stack: 0x000000005aca0000,0x000000005ada0000] [id=6424]

VM state:not at safepoint (normal execution)

VM Mutex/Monitor currently owned by a thread: None

Heap:
 PSYoungGen      total 71680K, used 53378K [0x00000000d5980000, 0x00000000da480000, 0x0000000100000000)
  eden space 66560K, 72% used [0x00000000d5980000,0x00000000d88a47b8,0x00000000d9a80000)
  from space 5120K, 99% used [0x00000000d9f80000,0x00000000da47c1b0,0x00000000da480000)
  to   space 5120K, 0% used [0x00000000d9a80000,0x00000000d9a80000,0x00000000d9f80000)
 ParOldGen       total 87552K, used 384K [0x0000000080c00000, 0x0000000086180000, 0x00000000d5980000)
  object space 87552K, 0% used [0x0000000080c00000,0x0000000080c60010,0x0000000086180000)
 Metaspace       used 10098K, capacity 10533K, committed 10752K, reserved 1058816K
  class space    used 1092K, capacity 1222K, committed 1280K, reserved 1048576K

Card table byte_map: [0x0000000011bf0000,0x0000000011ff0000] byte_map_base: 0x00000000117ea000

Marking Bits: (ParMarkBitMap*) 0x000000005d45d850
 Begin Bits: [0x0000000012cc0000, 0x0000000014c90000)
 End Bits:   [0x0000000014c90000, 0x0000000016c60000)

Polling page: 0x0000000000140000

CodeCache: size=245760Kb used=5108Kb max_used=5120Kb free=240651Kb
 bounds [0x0000000002830000, 0x0000000002d40000, 0x0000000011830000]
 total_blobs=1978 nmethods=1484 adapters=406
 compilation: enabled

Compilation events (10 events):
Event: 3.884 Thread 0x0000000058b19800 1472       4       tool.math.Maths::createTransformationMatrix (110 bytes)
Event: 3.885 Thread 0x0000000058b30800 nmethod 1494 0x0000000002d24b90 code [0x0000000002d25000, 0x0000000002d273e8]
Event: 3.887 Thread 0x0000000058b26800 nmethod 1467 0x0000000002d2c250 code [0x0000000002d2c700, 0x0000000002d2e7f0]
Event: 3.888 Thread 0x0000000058b26800 1477       4       manager.voxel.ChunkManager::getChunkPositionByBlockIndex (187 bytes)
Event: 3.891 Thread 0x0000000058b19800 nmethod 1472 0x0000000002d23910 code [0x0000000002d23b20, 0x0000000002d24408]
Event: 3.891 Thread 0x0000000058b19800 1481       4       manager.voxel.ChunkManager::getBlockPositionByBlockIndex (196 bytes)
Event: 3.892 Thread 0x0000000058b26800 nmethod 1477 0x0000000002d0a490 code [0x0000000002d0a6c0, 0x0000000002d0adf8]
Event: 3.892 Thread 0x0000000058b26800 1482       4       renderer.object.voxel.VoxelRenderer$$Lambda$80/754666084::apply (16 bytes)
Event: 3.903 Thread 0x0000000058b19800 nmethod 1481 0x0000000002d289d0 code [0x0000000002d28ca0, 0x0000000002d29c98]
Event: 3.903 Thread 0x0000000058b19800 1475       4       java.util.stream.AbstractPipeline::<init> (91 bytes)

GC Heap History (8 events):
Event: 2.949 GC heap before
{Heap before GC invocations=1 (full 0):
 PSYoungGen      total 38400K, used 33280K [0x00000000d5980000, 0x00000000d8400000, 0x0000000100000000)
  eden space 33280K, 100% used [0x00000000d5980000,0x00000000d7a00000,0x00000000d7a00000)
  from space 5120K, 0% used [0x00000000d7f00000,0x00000000d7f00000,0x00000000d8400000)
  to   space 5120K, 0% used [0x00000000d7a00000,0x00000000d7a00000,0x00000000d7f00000)
 ParOldGen       total 87552K, used 0K [0x0000000080c00000, 0x0000000086180000, 0x00000000d5980000)
  object space 87552K, 0% used [0x0000000080c00000,0x0000000080c00000,0x0000000086180000)
 Metaspace       used 8333K, capacity 8555K, committed 8704K, reserved 1056768K
  class space    used 870K, capacity 946K, committed 1024K, reserved 1048576K
Event: 2.951 GC heap after
Heap after GC invocations=1 (full 0):
 PSYoungGen      total 38400K, used 2796K [0x00000000d5980000, 0x00000000d8400000, 0x0000000100000000)
  eden space 33280K, 0% used [0x00000000d5980000,0x00000000d5980000,0x00000000d7a00000)
  from space 5120K, 54% used [0x00000000d7a00000,0x00000000d7cbb220,0x00000000d7f00000)
  to   space 5120K, 0% used [0x00000000d7f00000,0x00000000d7f00000,0x00000000d8400000)
 ParOldGen       total 87552K, used 80K [0x0000000080c00000, 0x0000000086180000, 0x00000000d5980000)
  object space 87552K, 0% used [0x0000000080c00000,0x0000000080c14010,0x0000000086180000)
 Metaspace       used 8333K, capacity 8555K, committed 8704K, reserved 1056768K
  class space    used 870K, capacity 946K, committed 1024K, reserved 1048576K
}
Event: 3.161 GC heap before
{Heap before GC invocations=2 (full 0):
 PSYoungGen      total 38400K, used 36076K [0x00000000d5980000, 0x00000000d8400000, 0x0000000100000000)
  eden space 33280K, 100% used [0x00000000d5980000,0x00000000d7a00000,0x00000000d7a00000)
  from space 5120K, 54% used [0x00000000d7a00000,0x00000000d7cbb220,0x00000000d7f00000)
  to   space 5120K, 0% used [0x00000000d7f00000,0x00000000d7f00000,0x00000000d8400000)
 ParOldGen       total 87552K, used 80K [0x0000000080c00000, 0x0000000086180000, 0x00000000d5980000)
  object space 87552K, 0% used [0x0000000080c00000,0x0000000080c14010,0x0000000086180000)
 Metaspace       used 8678K, capacity 8917K, committed 8960K, reserved 1056768K
  class space    used 905K, capacity 981K, committed 1024K, reserved 1048576K
Event: 3.166 GC heap after
Heap after GC invocations=2 (full 0):
 PSYoungGen      total 38400K, used 2456K [0x00000000d5980000, 0x00000000da480000, 0x0000000100000000)
  eden space 33280K, 0% used [0x00000000d5980000,0x00000000d5980000,0x00000000d7a00000)
  from space 5120K, 47% used [0x00000000d7f00000,0x00000000d81661c8,0x00000000d8400000)
  to   space 5120K, 0% used [0x00000000d7a00000,0x00000000d7a00000,0x00000000d7f00000)
 ParOldGen       total 87552K, used 80K [0x0000000080c00000, 0x0000000086180000, 0x00000000d5980000)
  object space 87552K, 0% used [0x0000000080c00000,0x0000000080c14010,0x0000000086180000)
 Metaspace       used 8678K, capacity 8917K, committed 8960K, reserved 1056768K
  class space    used 905K, capacity 981K, committed 1024K, reserved 1048576K
}
Event: 3.210 GC heap before
{Heap before GC invocations=3 (full 0):
 PSYoungGen      total 38400K, used 35736K [0x00000000d5980000, 0x00000000da480000, 0x0000000100000000)
  eden space 33280K, 100% used [0x00000000d5980000,0x00000000d7a00000,0x00000000d7a00000)
  from space 5120K, 47% used [0x00000000d7f00000,0x00000000d81661c8,0x00000000d8400000)
  to   space 5120K, 0% used [0x00000000d7a00000,0x00000000d7a00000,0x00000000d7f00000)
 ParOldGen       total 87552K, used 80K [0x0000000080c00000, 0x0000000086180000, 0x00000000d5980000)
  object space 87552K, 0% used [0x0000000080c00000,0x0000000080c14010,0x0000000086180000)
 Metaspace       used 8683K, capacity 8917K, committed 8960K, reserved 1056768K
  class space    used 905K, capacity 981K, committed 1024K, reserved 1048576K
Event: 3.213 GC heap after
Heap after GC invocations=3 (full 0):
 PSYoungGen      total 38400K, used 4311K [0x00000000d5980000, 0x00000000da480000, 0x0000000100000000)
  eden space 33280K, 0% used [0x00000000d5980000,0x00000000d5980000,0x00000000d7a00000)
  from space 5120K, 84% used [0x00000000d7a00000,0x00000000d7e35c70,0x00000000d7f00000)
  to   space 5120K, 0% used [0x00000000d9f80000,0x00000000d9f80000,0x00000000da480000)
 ParOldGen       total 87552K, used 88K [0x0000000080c00000, 0x0000000086180000, 0x00000000d5980000)
  object space 87552K, 0% used [0x0000000080c00000,0x0000000080c16010,0x0000000086180000)
 Metaspace       used 8683K, capacity 8917K, committed 8960K, reserved 1056768K
  class space    used 905K, capacity 981K, committed 1024K, reserved 1048576K
}
Event: 3.242 GC heap before
{Heap before GC invocations=4 (full 0):
 PSYoungGen      total 38400K, used 37591K [0x00000000d5980000, 0x00000000da480000, 0x0000000100000000)
  eden space 33280K, 100% used [0x00000000d5980000,0x00000000d7a00000,0x00000000d7a00000)
  from space 5120K, 84% used [0x00000000d7a00000,0x00000000d7e35c70,0x00000000d7f00000)
  to   space 5120K, 0% used [0x00000000d9f80000,0x00000000d9f80000,0x00000000da480000)
 ParOldGen       total 87552K, used 88K [0x0000000080c00000, 0x0000000086180000, 0x00000000d5980000)
  object space 87552K, 0% used [0x0000000080c00000,0x0000000080c16010,0x0000000086180000)
 Metaspace       used 8696K, capacity 8917K, committed 8960K, reserved 1056768K
  class space    used 905K, capacity 981K, committed 1024K, reserved 1048576K
Event: 3.248 GC heap after
Heap after GC invocations=4 (full 0):
 PSYoungGen      total 71680K, used 5104K [0x00000000d5980000, 0x00000000da480000, 0x0000000100000000)
  eden space 66560K, 0% used [0x00000000d5980000,0x00000000d5980000,0x00000000d9a80000)
  from space 5120K, 99% used [0x00000000d9f80000,0x00000000da47c1b0,0x00000000da480000)
  to   space 5120K, 0% used [0x00000000d9a80000,0x00000000d9a80000,0x00000000d9f80000)
 ParOldGen       total 87552K, used 384K [0x0000000080c00000, 0x0000000086180000, 0x00000000d5980000)
  object space 87552K, 0% used [0x0000000080c00000,0x0000000080c60010,0x0000000086180000)
 Metaspace       used 8696K, capacity 8917K, committed 8960K, reserved 1056768K
  class space    used 905K, capacity 981K, committed 1024K, reserved 1048576K
}

Deoptimization events (10 events):
Event: 3.795 Thread 0x0000000001d3e800 Uncommon trap: reason=bimorphic action=maybe_recompile pc=0x0000000002cadf5c method=java.util.stream.ReferencePipeline$2$1.accept(Ljava/lang/Object;)V @ 8
Event: 3.795 Thread 0x0000000001d3e800 Uncommon trap: reason=bimorphic action=maybe_recompile pc=0x0000000002cadf5c method=java.util.stream.ReferencePipeline$2$1.accept(Ljava/lang/Object;)V @ 8
Event: 3.795 Thread 0x0000000001d3e800 Uncommon trap: reason=bimorphic action=maybe_recompile pc=0x0000000002cadf5c method=java.util.stream.ReferencePipeline$2$1.accept(Ljava/lang/Object;)V @ 8
Event: 3.835 Thread 0x0000000001d3e800 Uncommon trap: reason=class_check action=maybe_recompile pc=0x0000000002d04d28 method=java.util.stream.IntPipeline$9$1.accept(I)V @ 8
Event: 3.835 Thread 0x0000000001d3e800 Uncommon trap: reason=class_check action=maybe_recompile pc=0x0000000002d04d28 method=java.util.stream.IntPipeline$9$1.accept(I)V @ 8
Event: 3.835 Thread 0x0000000001d3e800 Uncommon trap: reason=class_check action=maybe_recompile pc=0x0000000002d04d28 method=java.util.stream.IntPipeline$9$1.accept(I)V @ 8
Event: 3.835 Thread 0x0000000001d3e800 Uncommon trap: reason=class_check action=maybe_recompile pc=0x0000000002d04d28 method=java.util.stream.IntPipeline$9$1.accept(I)V @ 8
Event: 3.873 Thread 0x0000000001d3e800 Uncommon trap: reason=unstable_if action=reinterpret pc=0x0000000002c02678 method=java.lang.Integer.getChars(II[C)V @ 20
Event: 3.877 Thread 0x0000000001d3e800 Uncommon trap: reason=class_check action=maybe_recompile pc=0x0000000002d0f22c method=java.util.stream.ReferencePipeline$7$1.accept(Ljava/lang/Object;)V @ 13
Event: 3.877 Thread 0x0000000001d3e800 Uncommon trap: reason=unstable_if action=reinterpret pc=0x0000000002d09f5c method=java.util.HashMap$ValueSpliterator.forEachRemaining(Ljava/util/function/Consumer;)V @ 31

Internal exceptions (10 events):
Event: 2.911 Thread 0x0000000001d3e800 Exception <a 'java/security/PrivilegedActionException'> (0x00000000d791e558) thrown at [C:\re\workspace\8-2-build-windows-amd64-cygwin\jdk8u141\9370\hotspot\src\share\vm\prims\jvm.cpp, line 1390]
Event: 2.911 Thread 0x0000000001d3e800 Exception <a 'java/security/PrivilegedActionException'> (0x00000000d7923678) thrown at [C:\re\workspace\8-2-build-windows-amd64-cygwin\jdk8u141\9370\hotspot\src\share\vm\prims\jvm.cpp, line 1390]
Event: 2.911 Thread 0x0000000001d3e800 Exception <a 'java/security/PrivilegedActionException'> (0x00000000d79242d0) thrown at [C:\re\workspace\8-2-build-windows-amd64-cygwin\jdk8u141\9370\hotspot\src\share\vm\prims\jvm.cpp, line 1390]
Event: 2.911 Thread 0x0000000001d3e800 Exception <a 'java/security/PrivilegedActionException'> (0x00000000d7924ef8) thrown at [C:\re\workspace\8-2-build-windows-amd64-cygwin\jdk8u141\9370\hotspot\src\share\vm\prims\jvm.cpp, line 1390]
Event: 2.911 Thread 0x0000000001d3e800 Exception <a 'java/security/PrivilegedActionException'> (0x00000000d79262b8) thrown at [C:\re\workspace\8-2-build-windows-amd64-cygwin\jdk8u141\9370\hotspot\src\share\vm\prims\jvm.cpp, line 1390]
Event: 2.911 Thread 0x0000000001d3e800 Exception <a 'java/security/PrivilegedActionException'> (0x00000000d7926f10) thrown at [C:\re\workspace\8-2-build-windows-amd64-cygwin\jdk8u141\9370\hotspot\src\share\vm\prims\jvm.cpp, line 1390]
Event: 2.911 Thread 0x0000000001d3e800 Exception <a 'java/security/PrivilegedActionException'> (0x00000000d7927b38) thrown at [C:\re\workspace\8-2-build-windows-amd64-cygwin\jdk8u141\9370\hotspot\src\share\vm\prims\jvm.cpp, line 1390]
Event: 3.733 Thread 0x0000000001d3e800 Implicit null exception at 0x0000000002c2665f to 0x0000000002c26729
Event: 3.739 Thread 0x0000000001d3e800 Exception <a 'java/lang/NoSuchMethodError': java.lang.Object.lambda$minBy$0(Ljava/util/Comparator;Ljava/lang/Object;Ljava/lang/Object;)Ljava/lang/Object;> (0x00000000d7b1d790) thrown at [C:\re\workspace\8-2-build-windows-amd64-cygwin\jdk8u141\9370\hotspot
Event: 3.740 Thread 0x0000000001d3e800 Exception <a 'java/lang/NoSuchMethodError': java.lang.Object.lambda$maxBy$1(Ljava/util/Comparator;Ljava/lang/Object;Ljava/lang/Object;)Ljava/lang/Object;> (0x00000000d7b29a70) thrown at [C:\re\workspace\8-2-build-windows-amd64-cygwin\jdk8u141\9370\hotspot

Events (10 events):
Event: 3.877 loading class object/gui/gui/IGUI
Event: 3.877 loading class object/gui/gui/IGUI done
Event: 3.877 loading class renderer/object/gui/GUIRenderer
Event: 3.877 loading class renderer/object/gui/GUIRenderer done
Event: 3.877 Thread 0x0000000001d3e800 Uncommon trap: trap_request=0xffffffde fr.pc=0x0000000002d0f22c
Event: 3.877 Thread 0x0000000001d3e800 DEOPT PACKING pc=0x0000000002d0f22c sp=0x000000000255ece0
Event: 3.877 Thread 0x0000000001d3e800 DEOPT UNPACKING pc=0x000000000287582a sp=0x000000000255ec40 mode 2
Event: 3.877 Thread 0x0000000001d3e800 Uncommon trap: trap_request=0xffffff65 fr.pc=0x0000000002d09f5c
Event: 3.877 Thread 0x0000000001d3e800 DEOPT PACKING pc=0x0000000002d09f5c sp=0x000000000255ea10
Event: 3.878 Thread 0x0000000001d3e800 DEOPT UNPACKING pc=0x000000000287582a sp=0x000000000255e9c8 mode 2


Dynamic libraries:
0x000000013fd70000 - 0x000000013fda7000 	C:\Program Files\Java\jre1.8.0_141\bin\javaw.exe
0x0000000076fa0000 - 0x0000000077149000 	C:\Windows\SYSTEM32\ntdll.dll
0x000007feef270000 - 0x000007feef2a3000 	C:\Program Files\AVAST Software\Avast\x64\aswhooka.dll
0x00000000768c0000 - 0x00000000769df000 	C:\Windows\system32\kernel32.dll
0x000007fefd740000 - 0x000007fefd7ab000 	C:\Windows\system32\KERNELBASE.dll
0x000007fefde30000 - 0x000007fefdf0b000 	C:\Windows\system32\ADVAPI32.dll
0x000007fefdc30000 - 0x000007fefdccf000 	C:\Windows\system32\msvcrt.dll
0x000007fefd8f0000 - 0x000007fefd90f000 	C:\Windows\SYSTEM32\sechost.dll
0x000007fefdb00000 - 0x000007fefdc2d000 	C:\Windows\system32\RPCRT4.dll
0x0000000076bf0000 - 0x0000000076cea000 	C:\Windows\system32\USER32.dll
0x000007fefdfa0000 - 0x000007fefe007000 	C:\Windows\system32\GDI32.dll
0x000007fefdd50000 - 0x000007fefdd5e000 	C:\Windows\system32\LPK.dll
0x000007fefdd60000 - 0x000007fefde29000 	C:\Windows\system32\USP10.dll
0x000007fefba60000 - 0x000007fefbc54000 	C:\Windows\WinSxS\amd64_microsoft.windows.common-controls_6595b64144ccf1df_6.0.7601.17514_none_fa396087175ac9ac\COMCTL32.dll
0x000007fefd7d0000 - 0x000007fefd841000 	C:\Windows\system32\SHLWAPI.dll
0x000007fefe310000 - 0x000007fefe33e000 	C:\Windows\system32\IMM32.DLL
0x000007fefd9f0000 - 0x000007fefdaf9000 	C:\Windows\system32\MSCTF.dll
0x0000000059fd0000 - 0x000000005a0a2000 	C:\Program Files\Java\jre1.8.0_141\bin\msvcr100.dll
0x000000005cc40000 - 0x000000005d4dd000 	C:\Program Files\Java\jre1.8.0_141\bin\server\jvm.dll
0x000007feefdb0000 - 0x000007feefdb9000 	C:\Windows\system32\WSOCK32.dll
0x000007fefe010000 - 0x000007fefe05d000 	C:\Windows\system32\WS2_32.dll
0x000007fefdf90000 - 0x000007fefdf98000 	C:\Windows\system32\NSI.dll
0x000007fefb1f0000 - 0x000007fefb22b000 	C:\Windows\system32\WINMM.dll
0x000007fefc4f0000 - 0x000007fefc4fc000 	C:\Windows\system32\VERSION.dll
0x0000000077170000 - 0x0000000077177000 	C:\Windows\system32\PSAPI.DLL
0x000000006c3d0000 - 0x000000006c3df000 	C:\Program Files\Java\jre1.8.0_141\bin\verify.dll
0x000000006c3a0000 - 0x000000006c3c9000 	C:\Program Files\Java\jre1.8.0_141\bin\java.dll
0x0000000066a90000 - 0x0000000066aa6000 	C:\Program Files\Java\jre1.8.0_141\bin\zip.dll
0x000007fefe340000 - 0x000007feff0c8000 	C:\Windows\system32\SHELL32.dll
0x000007fefe100000 - 0x000007fefe303000 	C:\Windows\system32\ole32.dll
0x000007fefd400000 - 0x000007fefd40f000 	C:\Windows\system32\profapi.dll
0x0000000180000000 - 0x0000000180051000 	D:\projects\Java Projects\GameEngine\library\natives\lwjgl64.dll
0x000007feec990000 - 0x000007feecaad000 	C:\Windows\system32\OPENGL32.dll
0x000007feef040000 - 0x000007feef06d000 	C:\Windows\system32\GLU32.dll
0x000007feed0e0000 - 0x000007feed1d1000 	C:\Windows\system32\DDRAW.dll
0x000007feef7c0000 - 0x000007feef7c8000 	C:\Windows\system32\DCIMAN32.dll
0x000007feff0d0000 - 0x000007feff2a7000 	C:\Windows\system32\SETUPAPI.dll
0x000007fefd700000 - 0x000007fefd736000 	C:\Windows\system32\CFGMGR32.dll
0x000007fefd910000 - 0x000007fefd9e7000 	C:\Windows\system32\OLEAUT32.dll
0x000007fefd7b0000 - 0x000007fefd7ca000 	C:\Windows\system32\DEVOBJ.dll
0x000007fefaeb0000 - 0x000007fefaec8000 	C:\Windows\system32\dwmapi.dll
0x000007fefb560000 - 0x000007fefb5b6000 	C:\Windows\system32\uxtheme.dll
0x000000005d4e0000 - 0x000000005f646000 	C:\Windows\system32\nvoglv64.DLL
0x000007fefc680000 - 0x000007fefc691000 	C:\Windows\system32\WTSAPI32.dll
0x000007fef80e0000 - 0x000007fef8205000 	C:\Windows\system32\Dbghelp.dll
0x000007fefd4b0000 - 0x000007fefd4eb000 	C:\Windows\system32\WINTRUST.dll
0x000007fefd4f0000 - 0x000007fefd65d000 	C:\Windows\system32\CRYPT32.dll
0x000007fefd4a0000 - 0x000007fefd4af000 	C:\Windows\system32\MSASN1.dll
0x000007fefbf80000 - 0x000007fefbfad000 	C:\Windows\system32\ntmarta.dll
0x000007fefdf30000 - 0x000007fefdf82000 	C:\Windows\system32\WLDAP32.dll
0x000007fefd330000 - 0x000007fefd33f000 	C:\Windows\system32\CRYPTBASE.dll
0x000007fefd850000 - 0x000007fefd8e9000 	C:\Windows\system32\CLBCatQ.DLL
0x000007fef5eb0000 - 0x000007fef5fe3000 	C:\Windows\system32\ime\imejp10\imjptip.dll
0x000007fefa5b0000 - 0x000007fefa604000 	C:\Windows\system32\OLEACC.dll
0x000007fef5dc0000 - 0x000007fef5ea6000 	C:\Windows\system32\imjp10k.dll
0x000007fef5d10000 - 0x000007fef5db5000 	C:\Windows\system32\ime\shared\imetip.dll
0x000007fef5d00000 - 0x000007fef5d0e000 	C:\Windows\system32\ime\shared\imecfm.dll
0x000007fef5c70000 - 0x000007fef5cfa000 	C:\Windows\system32\ime\imejp10\imjpapi.dll
0x000007fef5c40000 - 0x000007fef5c6d000 	C:\Windows\system32\ime\shared\imjkapi.dll
0x000007fefa1e0000 - 0x000007fefa27c000 	C:\Windows\system32\mscms.dll
0x000007fefc700000 - 0x000007fefc71e000 	C:\Windows\system32\USERENV.dll
0x000007feed9f0000 - 0x000007feeda32000 	C:\Windows\system32\icm32.dll
0x000007fefc7d0000 - 0x000007fefc80d000 	C:\Windows\system32\WINSTA.dll
0x0000000064610000 - 0x00000000647a8000 	C:\Program Files\Java\jre1.8.0_141\bin\awt.dll
0x00000000128c0000 - 0x0000000012924000 	D:\projects\Java Projects\GameEngine\library\natives\OpenAL64.dll
0x000007fefc220000 - 0x000007fefc26b000 	C:\Windows\System32\MMDevApi.dll
0x000007fefc0f0000 - 0x000007fefc21c000 	C:\Windows\System32\PROPSYS.dll
0x000007feed050000 - 0x000007feed0d8000 	C:\Windows\system32\dsound.dll
0x000007fefc270000 - 0x000007fefc29c000 	C:\Windows\system32\POWRPROF.dll
0x000007fefae20000 - 0x000007fefae6f000 	C:\Windows\system32\AUDIOSES.DLL

VM Arguments:
jvm_args: -Djava.library.path=D:\projects\Java Projects\GameEngine\library\natives -Dfile.encoding=Cp1251 
java_command: core.EngineMain
java_class_path (initial): D:\projects\Java Projects\GameEngine\target\classes;D:\projects\Java Projects\GameEngine\library\jar\slick-util.jar;D:\projects\Java Projects\GameEngine\library\jar\lwjgl.jar;C:\Users\homelleon\.m2\repository\org\lwjgl\lwjgl\3.1.2\lwjgl-3.1.2.jar;C:\Users\homelleon\.m2\repository\org\lwjgl\lwjgl\lwjgl_util\2.9.3\lwjgl_util-2.9.3.jar;C:\Users\homelleon\.m2\repository\org\lwjgl\lwjgl\lwjgl\2.9.3\lwjgl-2.9.3.jar;C:\Users\homelleon\.m2\repository\org\lwjgl\lwjgl\lwjgl-platform\2.9.3\lwjgl-platform-2.9.3-natives-windows.jar;C:\Users\homelleon\.m2\repository\org\lwjgl\lwjgl\lwjgl-platform\2.9.3\lwjgl-platform-2.9.3-natives-linux.jar;C:\Users\homelleon\.m2\repository\org\lwjgl\lwjgl\lwjgl-platform\2.9.3\lwjgl-platform-2.9.3-natives-osx.jar;C:\Users\homelleon\.m2\repository\net\java\jinput\jinput\2.0.5\jinput-2.0.5.jar;C:\Users\homelleon\.m2\repository\net\java\jutils\jutils\1.0.0\jutils-1.0.0.jar;C:\Users\homelleon\.m2\repository\net\java\jinput\jinput-platform\2.0.5\jinput-platform-2.0.5-natives-linux.jar;C:\Users\homelleon\.m2\repository\net\java\jinput\jinput-platform\2.0.5\jinput-platform-2.0.5-natives-windows.jar;C:\Users\homelleon\.m2\repository\net\java\jinput\jinput-platform\2.0.5\jinput-platform-2.0.5-natives-osx.jar;C:\Users\homelleon\.m2\repository\im\bci\pngdecoder\0.12\pngdecoder-0.12.jar;C:\Users\homelleon\.m2\repository\org\lwjgl\lwjgl-stb\3.1.2\lwjgl-stb-3.1.2.jar
Launcher Type: SUN_STANDARD

Environment Variables:
PATH=C:/Program Files/Java/jre1.8.0_141/bin/server;C:/Program Files/Java/jre1.8.0_141/bin;C:/Program Files/Java/jre1.8.0_141/lib/amd64;C:\Program Files\Common Files\Microsoft Shared\Windows Live;C:\Program Files (x86)\Common Files\Microsoft Shared\Windows Live;D:\Program Files (x86)\Borland\Delphi7\Bin;D:\Program Files (x86)\Borland\Delphi7\Projects\Bpl\;C:\ProgramData\Oracle\Java\javapath;D:\Inprise\vbroker\bin;C:\Windows\system32;C:\Windows;C:\Windows\System32\Wbem;C:\Windows\System32\WindowsPowerShell\v1.0\;C:\Program Files\Common Files\Autodesk Shared\;C:\Program Files (x86)\Microsoft SDKs\TypeScript\1.0\;C:\Program Files (x86)\Windows Live\Shared;C:\Program Files (x86)\sbt\bin;C:\Program Files (x86)\NVIDIA Corporation\PhysX\Common;C:\Program Files (x86)\Windows Kits\8.1\Windows Performance Toolkit\;D:\Program Files\nodejs\;D:\projects\wamp64\bin\php\php7.0.10;C:\ProgramData\ComposerSetup\bin;C:\Program Files (x86)\Skype\Phone\;C:\Windows\System32\WindowsPowerShell\v1.0\;C:\Program Files\Git\cmd;C:\Users\homelleon\AppData\Roaming\npm;C:\Users\homelleon\AppData\Roaming\Composer\vendor\bin; D:\projects\Web\Symfony;C:\Users\homelleon\Desktop;
USERNAME=homelleon
OS=Windows_NT
PROCESSOR_IDENTIFIER=Intel64 Family 6 Model 58 Stepping 9, GenuineIntel



---------------  S Y S T E M  ---------------

OS: Windows 7 , 64 bit Build 7601 (6.1.7601.18015)

CPU:total 8 (initial active 8) (4 cores per cpu, 2 threads per core) family 6 model 58 stepping 9, cmov, cx8, fxsr, mmx, sse, sse2, sse3, ssse3, sse4.1, sse4.2, popcnt, avx, aes, clmul, erms, ht, tsc, tscinvbit, tscinv

Memory: 4k page, physical 8339244k(3496516k free), swap 16676632k(10129624k free)

vm_info: Java HotSpot(TM) 64-Bit Server VM (25.141-b15) for windows-amd64 JRE (1.8.0_141-b15), built on Jul 12 2017 04:25:12 by "java_re" with MS VC++ 10.0 (VS2010)

time: Sat Sep 23 23:37:35 2017
elapsed time: 3 seconds (0d 0h 0m 3s)

