#
# A fatal error has been detected by the Java Runtime Environment:
#
#  EXCEPTION_ACCESS_VIOLATION (0xc0000005) at pc=0x0000000000000000, pid=5376, tid=0x00000000000017b0
#
# JRE version: Java(TM) SE Runtime Environment (8.0_121-b13) (build 1.8.0_121-b13)
# Java VM: Java HotSpot(TM) 64-Bit Server VM (25.121-b13 mixed mode windows-amd64 compressed oops)
# Problematic frame:
# C  0x0000000000000000
#
# Failed to write core dump. Minidumps are not enabled by default on client versions of Windows
#
# If you would like to submit a bug report, please visit:
#   http://bugreport.java.com/bugreport/crash.jsp
# The crash happened outside the Java Virtual Machine in native code.
# See problematic frame for where to report the bug.
#

---------------  T H R E A D  ---------------

Current thread (0x00000000027c0800):  JavaThread "main" [_thread_in_native, id=6064, stack(0x0000000002610000,0x0000000002710000)]

siginfo: ExceptionCode=0xc0000005, ExceptionInformation=0x0000000000000008 0x0000000000000000

Registers:
RAX=0x0000000180004df0, RBX=0x0000000016fee540, RCX=0x0000000000000001, RDX=0x000000000270f358
RSP=0x000000000270f308, RBP=0x000000000270f3a8, RSI=0x0000000000200021, RDI=0x00000000fffffffa
R8 =0x0000000000000001, R9 =0x0000000002747ea0, R10=0x00000000028d7f48, R11=0x0000000051a8b820
R12=0x0000000000000000, R13=0x0000000016fee540, R14=0x000000000270f3c8, R15=0x00000000027c0800
RIP=0x0000000000000000, EFLAGS=0x0000000000010202

Top of Stack: (sp=0x000000000270f308)
0x000000000270f308:   0000000180004e02 000000000270f900
0x000000000270f318:   00000000027c0800 0000000016fee540
0x000000000270f328:   0000000000200021 00000000fffffffa
0x000000000270f338:   00000000028d7f74 00000000027c0800
0x000000000270f348:   0000000016fee540 0000000000200021
0x000000000270f358:   00000000027c0800 00000000028d7ca2
0x000000000270f368:   000000000270f368 0000000016fee540
0x000000000270f378:   000000000270f3c8 0000000016ff1250
0x000000000270f388:   0000000000000000 0000000016fee540
0x000000000270f398:   0000000000000000 000000000270f3c8
0x000000000270f3a8:   000000000270f410 00000000028c7da0
0x000000000270f3b8:   00000000d5f7e8f8 00000000028d19d6
0x000000000270f3c8:   0000000000000001 000000000270f3d0
0x000000000270f3d8:   0000000016fee499 000000000270f420
0x000000000270f3e8:   0000000016ff1250 0000000000000000
0x000000000270f3f8:   0000000016fee4b8 000000000270f3c8 

Instructions: (pc=0x0000000000000000)
0xffffffffffffffe0:   


Register to memory mapping:

RAX=0x0000000180004df0 is an unknown value
RBX={method} {0x0000000016fee548} 'nalGenSources2' '(I)I' in 'org/lwjgl/openal/AL10'
RCX=0x0000000000000001 is an unknown value
RDX=0x000000000270f358 is pointing into the stack for thread: 0x00000000027c0800
RSP=0x000000000270f308 is pointing into the stack for thread: 0x00000000027c0800
RBP=0x000000000270f3a8 is pointing into the stack for thread: 0x00000000027c0800
RSI=0x0000000000200021 is an unknown value
RDI=0x00000000fffffffa is an unallocated location in the heap
R8 =0x0000000000000001 is an unknown value
R9 =0x0000000002747ea0 is an unknown value
R10=0x00000000028d7f48 is at code_begin+840 in an Interpreter codelet
method entry point (kind = native)  [0x00000000028d7c00, 0x00000000028d8560]  2400 bytes
R11=0x0000000051a8b820 is an unknown value
R12=0x0000000000000000 is an unknown value
R13={method} {0x0000000016fee548} 'nalGenSources2' '(I)I' in 'org/lwjgl/openal/AL10'
R14=0x000000000270f3c8 is pointing into the stack for thread: 0x00000000027c0800
R15=0x00000000027c0800 is a thread


Stack: [0x0000000002610000,0x0000000002710000],  sp=0x000000000270f308,  free space=1020k
Native frames: (J=compiled Java code, j=interpreted, Vv=VM code, C=native code)

Java frames: (J=compiled Java code, j=interpreted, Vv=VM code)
j  org.lwjgl.openal.AL10.nalGenSources2(I)I+0
j  org.lwjgl.openal.AL10.alGenSources()I+1
j  audio.AudioSourceSimple.<init>(Ljava/lang/String;Ljava/lang/String;ILaudio/AudioMaster;)V+5
j  audio.AudioManagerStructured.<init>(Laudio/AudioMaster;)V+35
j  scene.SceneGame.<init>(Lmaps/GameMap;LrenderEngine/Loader;)V+122
j  engineMain.LoopGame.init()V+40
j  engineMain.LoopGame.prepare()V+1
j  engineMain.LoopGame.run()V+1
j  engineMain.EngineMain.main([Ljava/lang/String;)V+13
v  ~StubRoutines::call_stub

---------------  P R O C E S S  ---------------

Java Threads: ( => current thread )
  0x000000001748e800 JavaThread "Service Thread" daemon [_thread_blocked, id=6812, stack(0x0000000019170000,0x0000000019270000)]
  0x0000000017459800 JavaThread "C1 CompilerThread2" daemon [_thread_blocked, id=1136, stack(0x0000000018c70000,0x0000000018d70000)]
  0x0000000017433800 JavaThread "C2 CompilerThread1" daemon [_thread_blocked, id=5012, stack(0x0000000018b70000,0x0000000018c70000)]
  0x000000001742c000 JavaThread "C2 CompilerThread0" daemon [_thread_blocked, id=7712, stack(0x0000000018a70000,0x0000000018b70000)]
  0x000000001742a800 JavaThread "Attach Listener" daemon [_thread_blocked, id=11068, stack(0x0000000018970000,0x0000000018a70000)]
  0x000000001742a000 JavaThread "Signal Dispatcher" daemon [_thread_blocked, id=2836, stack(0x0000000018870000,0x0000000018970000)]
  0x00000000028bb000 JavaThread "Finalizer" daemon [_thread_blocked, id=6128, stack(0x0000000018680000,0x0000000018780000)]
  0x00000000028b0000 JavaThread "Reference Handler" daemon [_thread_blocked, id=4952, stack(0x0000000018580000,0x0000000018680000)]
=>0x00000000027c0800 JavaThread "main" [_thread_in_native, id=6064, stack(0x0000000002610000,0x0000000002710000)]

Other Threads:
  0x00000000173f7800 VMThread [stack: 0x0000000018480000,0x0000000018580000] [id=7116]
  0x0000000018d8d000 WatcherThread [stack: 0x00000000193b0000,0x00000000194b0000] [id=9348]

VM state:not at safepoint (normal execution)

VM Mutex/Monitor currently owned by a thread: None

Heap:
 PSYoungGen      total 38400K, used 6669K [0x00000000d5c00000, 0x00000000d8680000, 0x0000000100000000)
  eden space 33280K, 13% used [0x00000000d5c00000,0x00000000d605b538,0x00000000d7c80000)
  from space 5120K, 43% used [0x00000000d7c80000,0x00000000d7ea80a0,0x00000000d8180000)
  to   space 5120K, 0% used [0x00000000d8180000,0x00000000d8180000,0x00000000d8680000)
 ParOldGen       total 87552K, used 8K [0x0000000081400000, 0x0000000086980000, 0x00000000d5c00000)
  object space 87552K, 0% used [0x0000000081400000,0x0000000081402000,0x0000000086980000)
 Metaspace       used 5708K, capacity 6163K, committed 6272K, reserved 1056768K
  class space    used 563K, capacity 624K, committed 640K, reserved 1048576K

Card table byte_map: [0x0000000011c80000,0x0000000012080000] byte_map_base: 0x0000000011876000

Marking Bits: (ParMarkBitMap*) 0x000000005207b6d0
 Begin Bits: [0x0000000012730000, 0x00000000146e0000)
 End Bits:   [0x00000000146e0000, 0x0000000016690000)

Polling page: 0x0000000000e80000

CodeCache: size=245760Kb used=2406Kb max_used=2418Kb free=243353Kb
 bounds [0x00000000028c0000, 0x0000000002b30000, 0x00000000118c0000]
 total_blobs=918 nmethods=509 adapters=322
 compilation: enabled

Compilation events (10 events):
Event: 2.514 Thread 0x0000000017459800 nmethod 503 0x0000000002b18410 code [0x0000000002b18640, 0x0000000002b19368]
Event: 2.515 Thread 0x0000000017459800  504   !   3       java.lang.ClassLoader::getPackage (118 bytes)
Event: 2.515 Thread 0x0000000017459800 nmethod 504 0x0000000002b19810 code [0x0000000002b199e0, 0x0000000002b1a4e8]
Event: 2.516 Thread 0x000000001742c000  506       4       java.lang.String::replace (127 bytes)
Event: 2.517 Thread 0x0000000017459800  507       3       voxels.Block::<init> (10 bytes)
Event: 2.517 Thread 0x0000000017459800 nmethod 507 0x0000000002b1ac90 code [0x0000000002b1ade0, 0x0000000002b1af90]
Event: 2.517 Thread 0x0000000017433800  508       4       voxels.Block::<init> (10 bytes)
Event: 2.517 Thread 0x0000000017459800  509   !   3       java.lang.ref.Finalizer::add (41 bytes)
Event: 2.517 Thread 0x0000000017433800 nmethod 508 0x0000000002b10910 code [0x0000000002b10a40, 0x0000000002b10a98]
Event: 2.517 Thread 0x0000000017459800 nmethod 509 0x0000000002b1d650 code [0x0000000002b1d7c0, 0x0000000002b1db70]

GC Heap History (2 events):
Event: 2.333 GC heap before
{Heap before GC invocations=1 (full 0):
 PSYoungGen      total 38400K, used 31511K [0x00000000d5c00000, 0x00000000d8680000, 0x0000000100000000)
  eden space 33280K, 94% used [0x00000000d5c00000,0x00000000d7ac5d80,0x00000000d7c80000)
  from space 5120K, 0% used [0x00000000d8180000,0x00000000d8180000,0x00000000d8680000)
  to   space 5120K, 0% used [0x00000000d7c80000,0x00000000d7c80000,0x00000000d8180000)
 ParOldGen       total 87552K, used 0K [0x0000000081400000, 0x0000000086980000, 0x00000000d5c00000)
  object space 87552K, 0% used [0x0000000081400000,0x0000000081400000,0x0000000086980000)
 Metaspace       used 5569K, capacity 6003K, committed 6272K, reserved 1056768K
  class space    used 547K, capacity 592K, committed 640K, reserved 1048576K
Event: 2.335 GC heap after
Heap after GC invocations=1 (full 0):
 PSYoungGen      total 38400K, used 2208K [0x00000000d5c00000, 0x00000000d8680000, 0x0000000100000000)
  eden space 33280K, 0% used [0x00000000d5c00000,0x00000000d5c00000,0x00000000d7c80000)
  from space 5120K, 43% used [0x00000000d7c80000,0x00000000d7ea80a0,0x00000000d8180000)
  to   space 5120K, 0% used [0x00000000d8180000,0x00000000d8180000,0x00000000d8680000)
 ParOldGen       total 87552K, used 8K [0x0000000081400000, 0x0000000086980000, 0x00000000d5c00000)
  object space 87552K, 0% used [0x0000000081400000,0x0000000081402000,0x0000000086980000)
 Metaspace       used 5569K, capacity 6003K, committed 6272K, reserved 1056768K
  class space    used 547K, capacity 592K, committed 640K, reserved 1048576K
}

Deoptimization events (10 events):
Event: 0.668 Thread 0x00000000027c0800 Uncommon trap: reason=unstable_if action=reinterpret pc=0x0000000002a557c8 method=java.lang.String.indexOf([CII[CIII)I @ 123
Event: 0.668 Thread 0x00000000027c0800 Uncommon trap: reason=unstable_if action=reinterpret pc=0x0000000002a16d84 method=java.lang.String.indexOf([CII[CIII)I @ 123
Event: 2.082 Thread 0x00000000027c0800 Uncommon trap: reason=unstable_if action=reinterpret pc=0x0000000002ae8474 method=java.io.BufferedReader.readLine(Z)Ljava/lang/String; @ 55
Event: 2.149 Thread 0x00000000027c0800 Uncommon trap: reason=predicate action=maybe_recompile pc=0x0000000002af83ec method=java.util.AbstractCollection.toArray([Ljava/lang/Object;)[Ljava/lang/Object; @ 49
Event: 2.174 Thread 0x00000000027c0800 Uncommon trap: reason=array_check action=maybe_recompile pc=0x0000000002b00aa0 method=java.util.AbstractCollection.toArray([Ljava/lang/Object;)[Ljava/lang/Object; @ 119
Event: 2.174 Thread 0x00000000027c0800 Uncommon trap: reason=array_check action=maybe_recompile pc=0x0000000002b00aa0 method=java.util.AbstractCollection.toArray([Ljava/lang/Object;)[Ljava/lang/Object; @ 119
Event: 2.174 Thread 0x00000000027c0800 Uncommon trap: reason=array_check action=maybe_recompile pc=0x0000000002b00aa0 method=java.util.AbstractCollection.toArray([Ljava/lang/Object;)[Ljava/lang/Object; @ 119
Event: 2.174 Thread 0x00000000027c0800 Uncommon trap: reason=array_check action=maybe_recompile pc=0x0000000002b00aa0 method=java.util.AbstractCollection.toArray([Ljava/lang/Object;)[Ljava/lang/Object; @ 119
Event: 2.318 Thread 0x00000000027c0800 Uncommon trap: reason=unstable_if action=reinterpret pc=0x0000000002af2758 method=sun.misc.FloatingDecimal$ASCIIToBinaryBuffer.floatValue()F @ 95
Event: 2.327 Thread 0x00000000027c0800 Uncommon trap: reason=unstable_if action=reinterpret pc=0x0000000002b06280 method=java.lang.String.split(Ljava/lang/String;I)[Ljava/lang/String; @ 281

Internal exceptions (7 events):
Event: 0.023 Thread 0x00000000027c0800 Exception <a 'java/lang/NoSuchMethodError': Method sun.misc.Unsafe.defineClass(Ljava/lang/String;[BII)Ljava/lang/Class; name or signature does not match> (0x00000000d5c07ca8) thrown at [C:\re\workspace\8-2-build-windows-amd64-cygwin\jdk8u121\8372\hotspot\
Event: 0.023 Thread 0x00000000027c0800 Exception <a 'java/lang/NoSuchMethodError': Method sun.misc.Unsafe.prefetchRead(Ljava/lang/Object;J)V name or signature does not match> (0x00000000d5c07f90) thrown at [C:\re\workspace\8-2-build-windows-amd64-cygwin\jdk8u121\8372\hotspot\src\share\vm\prims
Event: 0.058 Thread 0x00000000027c0800 Exception <a 'java/io/FileNotFoundException'> (0x00000000d5c5dc38) thrown at [C:\re\workspace\8-2-build-windows-amd64-cygwin\jdk8u121\8372\hotspot\src\share\vm\prims\jni.cpp, line 709]
Event: 0.671 Thread 0x00000000027c0800 Exception <a 'java/security/PrivilegedActionException'> (0x00000000d61a91f0) thrown at [C:\re\workspace\8-2-build-windows-amd64-cygwin\jdk8u121\8372\hotspot\src\share\vm\prims\jvm.cpp, line 1390]
Event: 0.671 Thread 0x00000000027c0800 Exception <a 'java/security/PrivilegedActionException'> (0x00000000d61a95e8) thrown at [C:\re\workspace\8-2-build-windows-amd64-cygwin\jdk8u121\8372\hotspot\src\share\vm\prims\jvm.cpp, line 1390]
Event: 0.671 Thread 0x00000000027c0800 Exception <a 'java/security/PrivilegedActionException'> (0x00000000d61ad628) thrown at [C:\re\workspace\8-2-build-windows-amd64-cygwin\jdk8u121\8372\hotspot\src\share\vm\prims\jvm.cpp, line 1390]
Event: 0.671 Thread 0x00000000027c0800 Exception <a 'java/security/PrivilegedActionException'> (0x00000000d61ada20) thrown at [C:\re\workspace\8-2-build-windows-amd64-cygwin\jdk8u121\8372\hotspot\src\share\vm\prims\jvm.cpp, line 1390]

Events (10 events):
Event: 2.517 loading class lights/LightManagerStructured
Event: 2.517 loading class lights/LightManagerStructured done
Event: 2.518 loading class audio/AudioManagerStructured
Event: 2.518 loading class audio/AudioManagerStructured done
Event: 2.518 loading class audio/AudioSource
Event: 2.518 loading class audio/AudioSource done
Event: 2.518 loading class audio/AudioSourceSimple
Event: 2.518 loading class audio/AudioSourceSimple done
Event: 2.518 loading class org/lwjgl/openal/AL10
Event: 2.518 loading class org/lwjgl/openal/AL10 done


Dynamic libraries:
0x00007ff7d8180000 - 0x00007ff7d81b7000 	C:\Program Files\Java\jre1.8.0_121\bin\javaw.exe
0x00007ff8fa8e0000 - 0x00007ff8faab1000 	C:\WINDOWS\SYSTEM32\ntdll.dll
0x00007ff8fa750000 - 0x00007ff8fa7fb000 	C:\WINDOWS\System32\KERNEL32.DLL
0x00007ff8f7880000 - 0x00007ff8f7a9d000 	C:\WINDOWS\System32\KERNELBASE.dll
0x00007ff8f96b0000 - 0x00007ff8f9752000 	C:\WINDOWS\System32\ADVAPI32.dll
0x00007ff8fa6b0000 - 0x00007ff8fa74e000 	C:\WINDOWS\System32\msvcrt.dll
0x00007ff8fa0c0000 - 0x00007ff8fa119000 	C:\WINDOWS\System32\sechost.dll
0x00007ff8fa120000 - 0x00007ff8fa241000 	C:\WINDOWS\System32\RPCRT4.dll
0x00007ff8f98c0000 - 0x00007ff8f9a25000 	C:\WINDOWS\System32\USER32.dll
0x00007ff8f6e30000 - 0x00007ff8f6e4e000 	C:\WINDOWS\System32\win32u.dll
0x00007ff8f9520000 - 0x00007ff8f9554000 	C:\WINDOWS\System32\GDI32.dll
0x00007ff8f7aa0000 - 0x00007ff8f7c22000 	C:\WINDOWS\System32\gdi32full.dll
0x00007ff8f0670000 - 0x00007ff8f08ea000 	C:\WINDOWS\WinSxS\amd64_microsoft.windows.common-controls_6595b64144ccf1df_6.0.14393.953_none_42151e83c686086b\COMCTL32.dll
0x00007ff8f9c70000 - 0x00007ff8f9f38000 	C:\WINDOWS\System32\combase.dll
0x00007ff8f6e50000 - 0x00007ff8f6f45000 	C:\WINDOWS\System32\ucrtbase.dll
0x00007ff8f7c30000 - 0x00007ff8f7c9a000 	C:\WINDOWS\System32\bcryptPrimitives.dll
0x00007ff8fa680000 - 0x00007ff8fa6ae000 	C:\WINDOWS\System32\IMM32.DLL
0x00000000515c0000 - 0x0000000051692000 	C:\Program Files\Java\jre1.8.0_121\bin\msvcr100.dll
0x0000000051860000 - 0x00000000520fb000 	C:\Program Files\Java\jre1.8.0_121\bin\server\jvm.dll
0x00007ff8f9aa0000 - 0x00007ff8f9aa8000 	C:\WINDOWS\System32\PSAPI.DLL
0x00007ff8e3f40000 - 0x00007ff8e3f49000 	C:\WINDOWS\SYSTEM32\WSOCK32.dll
0x00007ff8f9a30000 - 0x00007ff8f9a9a000 	C:\WINDOWS\System32\WS2_32.dll
0x00007ff8f4c80000 - 0x00007ff8f4ca3000 	C:\WINDOWS\SYSTEM32\WINMM.dll
0x00007ff8f3d00000 - 0x00007ff8f3d0a000 	C:\WINDOWS\SYSTEM32\VERSION.dll
0x00007ff8f4be0000 - 0x00007ff8f4c0b000 	C:\WINDOWS\SYSTEM32\WINMMBASE.dll
0x00007ff8f6f50000 - 0x00007ff8f6f92000 	C:\WINDOWS\System32\cfgmgr32.dll
0x0000000051770000 - 0x000000005177f000 	C:\Program Files\Java\jre1.8.0_121\bin\verify.dll
0x0000000051740000 - 0x0000000051769000 	C:\Program Files\Java\jre1.8.0_121\bin\java.dll
0x0000000051720000 - 0x0000000051736000 	C:\Program Files\Java\jre1.8.0_121\bin\zip.dll
0x00007ff8f8010000 - 0x00007ff8f9519000 	C:\WINDOWS\System32\SHELL32.dll
0x00007ff8f7040000 - 0x00007ff8f771a000 	C:\WINDOWS\System32\windows.storage.dll
0x00007ff8f6d60000 - 0x00007ff8f6dac000 	C:\WINDOWS\System32\powrprof.dll
0x00007ff8fa800000 - 0x00007ff8fa852000 	C:\WINDOWS\System32\shlwapi.dll
0x00007ff8f6db0000 - 0x00007ff8f6dbf000 	C:\WINDOWS\System32\kernel.appcore.dll
0x00007ff8f77d0000 - 0x00007ff8f7879000 	C:\WINDOWS\System32\shcore.dll
0x00007ff8f6d40000 - 0x00007ff8f6d54000 	C:\WINDOWS\System32\profapi.dll
0x0000000180000000 - 0x0000000180051000 	D:\Программы\Проекты\JavaProgs\GameEngine\libs\natives\lwjgl64.dll
0x00007ff8ca080000 - 0x00007ff8ca1a3000 	C:\WINDOWS\SYSTEM32\OPENGL32.dll
0x00007ff8d37f0000 - 0x00007ff8d38e7000 	C:\WINDOWS\SYSTEM32\DDRAW.dll
0x00007ff8e5750000 - 0x00007ff8e577d000 	C:\WINDOWS\SYSTEM32\GLU32.dll
0x00007ff8f3800000 - 0x00007ff8f3808000 	C:\WINDOWS\SYSTEM32\DCIMAN32.dll
0x00007ff8f5540000 - 0x00007ff8f55d5000 	C:\WINDOWS\system32\uxtheme.dll
0x00007ff8f9f40000 - 0x00007ff8fa09a000 	C:\WINDOWS\System32\MSCTF.dll
0x00007ff8f9760000 - 0x00007ff8f981f000 	C:\WINDOWS\System32\OLEAUT32.dll
0x00007ff8f6fa0000 - 0x00007ff8f703c000 	C:\WINDOWS\System32\msvcp_win.dll
0x00007ff8f47f0000 - 0x00007ff8f4816000 	C:\WINDOWS\system32\dwmapi.dll
0x0000000075eb0000 - 0x0000000078000000 	C:\WINDOWS\SYSTEM32\nvoglv64.DLL
0x00007ff8fa250000 - 0x00007ff8fa679000 	C:\WINDOWS\System32\SETUPAPI.dll
0x00007ff8f45b0000 - 0x00007ff8f45c3000 	C:\WINDOWS\SYSTEM32\WTSAPI32.dll
0x00007ff8f5940000 - 0x00007ff8f5968000 	C:\WINDOWS\SYSTEM32\DEVOBJ.dll
0x00007ff8f6dd0000 - 0x00007ff8f6e25000 	C:\WINDOWS\System32\WINTRUST.dll
0x00007ff8f6dc0000 - 0x00007ff8f6dd0000 	C:\WINDOWS\System32\MSASN1.dll
0x00007ff8f7ca0000 - 0x00007ff8f7e69000 	C:\WINDOWS\System32\CRYPT32.dll
0x00007ff8f60e0000 - 0x00007ff8f6112000 	C:\WINDOWS\SYSTEM32\ntmarta.dll
0x00007ff8f1390000 - 0x00007ff8f1421000 	C:\WINDOWS\SYSTEM32\mscms.dll
0x00007ff8f64a0000 - 0x00007ff8f64bf000 	C:\WINDOWS\SYSTEM32\USERENV.dll
0x00007ff8e14f0000 - 0x00007ff8e1532000 	C:\WINDOWS\SYSTEM32\icm32.dll
0x00007ff8f6b80000 - 0x00007ff8f6bd6000 	C:\WINDOWS\SYSTEM32\WINSTA.dll
0x0000000051420000 - 0x00000000515b8000 	C:\Program Files\Java\jre1.8.0_121\bin\awt.dll
0x00007ff8f5170000 - 0x00007ff8f51ea000 	C:\WINDOWS\SYSTEM32\apphelp.dll
0x00007ff8f21a0000 - 0x00007ff8f2332000 	C:\WINDOWS\SYSTEM32\dbghelp.dll

VM Arguments:
jvm_args: -Djava.library.path=D:\Программы\Проекты\JavaProgs\GameEngine\libs\natives -Dfile.encoding=Cp1251 
java_command: engineMain.EngineMain
java_class_path (initial): D:\Программы\Проекты\JavaProgs\GameEngine\bin;D:\Программы\Проекты\JavaProgs\GameEngine\libs\jar\lwjgl_util.jar;D:\Программы\Проекты\JavaProgs\GameEngine\libs\jar\lwjgl.jar;D:\Программы\Проекты\JavaProgs\GameEngine\libs\jar\slick-util.jar;D:\Программы\Проекты\JavaProgs\GameEngine\libs\jar\PNGDecoder.jar
Launcher Type: SUN_STANDARD

Environment Variables:
JAVA_HOME=C:\Program Files\Java\jdk1.8.0_112
PATH=C:/Program Files/Java/jre1.8.0_121/bin/server;C:/Program Files/Java/jre1.8.0_121/bin;C:/Program Files/Java/jre1.8.0_121/lib/amd64;C:\ProgramData\Oracle\Java\javapath;C:\WINDOWS\system32;C:\WINDOWS;C:\WINDOWS\System32\Wbem;C:\WINDOWS\System32\WindowsPowerShell\v1.0\;C:\Program Files (x86)\Microsoft SQL Server\90\Tools\binn\;C:\Program Files (x86)\NVIDIA Corporation\PhysX\Common;C:\Program Files\nodejs\;C:\Program Files (x86)\GtkSharp\2.12\bin;C:\Program Files\apache-maven-3.3.9\bin;C:\Program Files\Java\jdk1.8.0_112\bin;C:\Users\Админ\AppData\Local\Microsoft\WindowsApps;C:\Users\Админ\AppData\Roaming\npm;C:\Users\Админ\Desktop;
USERNAME=Админ
OS=Windows_NT
PROCESSOR_IDENTIFIER=Intel64 Family 6 Model 94 Stepping 3, GenuineIntel



---------------  S Y S T E M  ---------------

OS: Windows 10.0 , 64 bit Build 14393 (10.0.14393.0)

CPU:total 4 (4 cores per cpu, 1 threads per core) family 6 model 94 stepping 3, cmov, cx8, fxsr, mmx, sse, sse2, sse3, ssse3, sse4.1, sse4.2, popcnt, avx, avx2, aes, clmul, erms, rtm, 3dnowpref, lzcnt, tsc, tscinvbit, bmi1, bmi2, adx

Memory: 4k page, physical 8298716k(4056712k free), swap 9609436k(3709320k free)

vm_info: Java HotSpot(TM) 64-Bit Server VM (25.121-b13) for windows-amd64 JRE (1.8.0_121-b13), built on Dec 12 2016 18:21:36 by "java_re" with MS VC++ 10.0 (VS2010)

time: Tue Mar 21 16:31:54 2017
elapsed time: 2 seconds (0d 0h 0m 2s)

