#
# A fatal error has been detected by the Java Runtime Environment:
#
#  EXCEPTION_ACCESS_VIOLATION (0xc0000005) at pc=0x00000000654d1150, pid=8448, tid=0x000000000000103c
#
# JRE version: Java(TM) SE Runtime Environment (8.0_151-b12) (build 1.8.0_151-b12)
# Java VM: Java HotSpot(TM) 64-Bit Server VM (25.151-b12 mixed mode windows-amd64 compressed oops)
# Problematic frame:
# C  [nvoglv64.DLL+0x1031150]
#
# Failed to write core dump. Minidumps are not enabled by default on client versions of Windows
#
# If you would like to submit a bug report, please visit:
#   http://bugreport.java.com/bugreport/crash.jsp
# The crash happened outside the Java Virtual Machine in native code.
# See problematic frame for where to report the bug.
#

---------------  T H R E A D  ---------------

Current thread (0x00000000027bd800):  JavaThread "main" [_thread_in_native, id=4156, stack(0x0000000002950000,0x0000000002a50000)]

siginfo: ExceptionCode=0xc0000005, reading address 0x0000000000000000

Registers:
RAX=0x0000000000000030, RBX=0x0000000019c66aa8, RCX=0x000000001c3419b8, RDX=0xffffffffe3cbe648
RSP=0x0000000002a4ecc8, RBP=0x0000000000000001, RSI=0x0000000000000003, RDI=0x000000001c3419b8
R8 =0x0000000000000030, R9 =0x0000000000000003, R10=0x0000000000000000, R11=0x000000001c3419b8
R12=0x0000000000000000, R13=0x00000000644a0000, R14=0x0000000000000000, R15=0x0000000019c66828
RIP=0x00000000654d1150, EFLAGS=0x0000000000010283

Top of Stack: (sp=0x0000000002a4ecc8)
0x0000000002a4ecc8:   00000000650202fa 00000000171d9ba8
0x0000000002a4ecd8:   0000000002a4ee40 00000000027bd390
0x0000000002a4ece8:   0000000064eb872b 00000000027bd800
0x0000000002a4ecf8:   0000000000000003 0000000000000000
0x0000000002a4ed08:   000000000002010b 0000000019c66828
0x0000000002a4ed18:   00000000650210e2 0000000019c66080
0x0000000002a4ed28:   0000000000000005 0000000000000000
0x0000000002a4ed38:   0000000002b67e06 00000000027bd800
0x0000000002a4ed48:   0000000002a4ee40 00000000171d9ba8
0x0000000002a4ed58:   0000000000000000 000000000000015d
0x0000000002a4ed68:   0000000002b67f74 00000000171d9ba8
0x0000000002a4ed78:   0000000002a4ee00 0000000000000128
0x0000000002a4ed88:   0000000002b67cdd 0000000000000003
0x0000000002a4ed98:   0000000064f731f0 0000000000000128
0x0000000002a4eda8:   00000000027bd800 0000000002a4eec0
0x0000000002a4edb8:   0000000002b67ca2 0000000002a4edc0 

Instructions: (pc=0x00000000654d1150)
0x00000000654d1130:   29 41 c0 0f 29 49 d0 0f 10 44 0a e0 0f 10 4c 0a
0x00000000654d1140:   f0 75 ad 0f 29 41 e0 49 83 e0 7f 0f 28 c1 eb 0c
0x00000000654d1150:   0f 10 04 0a 48 83 c1 10 49 83 e8 10 4d 8b c8 49
0x00000000654d1160:   c1 e9 04 74 1c 66 66 66 0f 1f 84 00 00 00 00 00 


Register to memory mapping:

RAX=0x0000000000000030 is an unknown value
RBX=0x0000000019c66aa8 is an unknown value
RCX=0x000000001c3419b8 is an unknown value
RDX=0xffffffffe3cbe648 is an unknown value
RSP=0x0000000002a4ecc8 is pointing into the stack for thread: 0x00000000027bd800
RBP=0x0000000000000001 is an unknown value
RSI=0x0000000000000003 is an unknown value
RDI=0x000000001c3419b8 is an unknown value
R8 =0x0000000000000030 is an unknown value
R9 =0x0000000000000003 is an unknown value
R10=0x0000000000000000 is an unknown value
R11=0x000000001c3419b8 is an unknown value
R12=0x0000000000000000 is an unknown value
R13=0x00000000644a0000 is an unknown value
R14=0x0000000000000000 is an unknown value
R15=0x0000000019c66828 is an unknown value


Stack: [0x0000000002950000,0x0000000002a50000],  sp=0x0000000002a4ecc8,  free space=1019k
Native frames: (J=compiled Java code, j=interpreted, Vv=VM code, C=native code)
C  [nvoglv64.DLL+0x1031150]
C  [nvoglv64.DLL+0xb802fa]
C  [nvoglv64.DLL+0xb810e2]
C  0x0000000002b67f74

Java frames: (J=compiled Java code, j=interpreted, Vv=VM code)
j  org.lwjgl.opengl.GL11.nglDrawArrays(IIIJ)V+0
j  org.lwjgl.opengl.GL11.glDrawArrays(III)V+20
j  renderer.debug.DebugRenderer.render()V+38
j  renderer.gpgpu.HeightPositionRenderer.render()V+174
j  object.terrain.generator.TerrainGenerator.generateHeightMapped(Ljava/lang/String;)Lobject/terrain/terrain/ITerrain;+21
j  object.terrain.generator.TerrainGenerator.generate(Ljava/lang/String;)Lobject/terrain/terrain/ITerrain;+17
j  object.terrain.terrain.builder.TerrainBuilder.build(Ljava/lang/String;)Lobject/terrain/terrain/ITerrain;+86
j  map.parser.ModelMapXMLParser.parseTerrains(Lorg/w3c/dom/Node;Lmanager/scene/IObjectManager;)V+341
j  map.parser.ModelMapXMLParser.parse()Lmanager/scene/IObjectManager;+86
j  map.parser.ModelMapXMLParser.parse()Ljava/lang/Object;+1
j  core.loop.Loop.loadModelMap(Ljava/lang/String;)V+72
j  core.loop.Loop.loadGameSettings()V+114
j  core.loop.Loop.initializeGameMode()V+4
j  core.loop.Loop.prepare()V+15
j  core.loop.Loop.run()V+1
j  core.EngineMain.main([Ljava/lang/String;)V+9
v  ~StubRoutines::call_stub

---------------  P R O C E S S  ---------------

Java Threads: ( => current thread )
  0x000000001fced800 JavaThread "LWJGL Timer" daemon [_thread_blocked, id=12804, stack(0x00000000208f0000,0x00000000209f0000)]
  0x0000000018f64800 JavaThread "Service Thread" daemon [_thread_blocked, id=13888, stack(0x0000000019330000,0x0000000019430000)]
  0x00000000176cc800 JavaThread "C1 CompilerThread2" daemon [_thread_blocked, id=12588, stack(0x0000000018e30000,0x0000000018f30000)]
  0x00000000176c4000 JavaThread "C2 CompilerThread1" daemon [_thread_blocked, id=72, stack(0x0000000018d30000,0x0000000018e30000)]
  0x00000000176c1800 JavaThread "C2 CompilerThread0" daemon [_thread_blocked, id=1060, stack(0x0000000018c30000,0x0000000018d30000)]
  0x00000000176bf800 JavaThread "Attach Listener" daemon [_thread_blocked, id=7316, stack(0x0000000018b30000,0x0000000018c30000)]
  0x00000000176be000 JavaThread "Signal Dispatcher" daemon [_thread_blocked, id=5140, stack(0x0000000018a30000,0x0000000018b30000)]
  0x00000000176aa800 JavaThread "Finalizer" daemon [_thread_blocked, id=10932, stack(0x0000000018930000,0x0000000018a30000)]
  0x0000000002b42000 JavaThread "Reference Handler" daemon [_thread_blocked, id=14160, stack(0x0000000018830000,0x0000000018930000)]
=>0x00000000027bd800 JavaThread "main" [_thread_in_native, id=4156, stack(0x0000000002950000,0x0000000002a50000)]

Other Threads:
  0x0000000017687800 VMThread [stack: 0x0000000018730000,0x0000000018830000] [id=14960]
  0x0000000018f7c000 WatcherThread [stack: 0x0000000019570000,0x0000000019670000] [id=192]

VM state:not at safepoint (normal execution)

VM Mutex/Monitor currently owned by a thread: None

Heap:
 PSYoungGen      total 38400K, used 32344K [0x00000000d5c00000, 0x00000000d8680000, 0x0000000100000000)
  eden space 33280K, 88% used [0x00000000d5c00000,0x00000000d78cd380,0x00000000d7c80000)
  from space 5120K, 55% used [0x00000000d7c80000,0x00000000d7f48fd0,0x00000000d8180000)
  to   space 5120K, 0% used [0x00000000d8180000,0x00000000d8180000,0x00000000d8680000)
 ParOldGen       total 87552K, used 80K [0x0000000081400000, 0x0000000086980000, 0x00000000d5c00000)
  object space 87552K, 0% used [0x0000000081400000,0x0000000081414010,0x0000000086980000)
 Metaspace       used 8162K, capacity 8371K, committed 8704K, reserved 1056768K
  class space    used 843K, capacity 924K, committed 1024K, reserved 1048576K

Card table byte_map: [0x0000000011f10000,0x0000000012310000] byte_map_base: 0x0000000011b06000

Marking Bits: (ParMarkBitMap*) 0x0000000066f8d850
 Begin Bits: [0x00000000129c0000, 0x0000000014970000)
 End Bits:   [0x0000000014970000, 0x0000000016920000)

Polling page: 0x0000000000b50000

CodeCache: size=245760Kb used=3480Kb max_used=3480Kb free=242279Kb
 bounds [0x0000000002b50000, 0x0000000002ec0000, 0x0000000011b50000]
 total_blobs=1320 nmethods=870 adapters=363
 compilation: enabled

Compilation events (10 events):
Event: 3.222 Thread 0x00000000176cc800  862  s    3       java.io.BufferedOutputStream::write (67 bytes)
Event: 3.222 Thread 0x00000000176cc800 nmethod 862 0x0000000002eb3690 code [0x0000000002eb3860, 0x0000000002eb40b8]
Event: 3.222 Thread 0x00000000176cc800  863       3       java.io.FileOutputStream::write (12 bytes)
Event: 3.222 Thread 0x00000000176cc800 nmethod 863 0x0000000002eb4390 code [0x0000000002eb4500, 0x0000000002eb4688]
Event: 3.226 Thread 0x00000000176cc800  865       3       java.io.File::<init> (113 bytes)
Event: 3.226 Thread 0x00000000176cc800 nmethod 865 0x0000000002eb4750 code [0x0000000002eb49c0, 0x0000000002eb56e8]
Event: 3.226 Thread 0x00000000176cc800  866       3       java.util.WeakHashMap::remove (133 bytes)
Event: 3.227 Thread 0x00000000176cc800 nmethod 866 0x0000000002eb5d10 code [0x0000000002eb5f00, 0x0000000002eb69c8]
Event: 3.228 Thread 0x00000000176cc800  870  s    3       java.util.Vector::addElement (38 bytes)
Event: 3.228 Thread 0x00000000176cc800 nmethod 870 0x0000000002eb78d0 code [0x0000000002eb7a60, 0x0000000002eb7f88]

GC Heap History (2 events):
Event: 1.132 GC heap before
{Heap before GC invocations=1 (full 0):
 PSYoungGen      total 38400K, used 33280K [0x00000000d5c00000, 0x00000000d8680000, 0x0000000100000000)
  eden space 33280K, 100% used [0x00000000d5c00000,0x00000000d7c80000,0x00000000d7c80000)
  from space 5120K, 0% used [0x00000000d8180000,0x00000000d8180000,0x00000000d8680000)
  to   space 5120K, 0% used [0x00000000d7c80000,0x00000000d7c80000,0x00000000d8180000)
 ParOldGen       total 87552K, used 0K [0x0000000081400000, 0x0000000086980000, 0x00000000d5c00000)
  object space 87552K, 0% used [0x0000000081400000,0x0000000081400000,0x0000000086980000)
 Metaspace       used 7828K, capacity 7949K, committed 8064K, reserved 1056768K
  class space    used 815K, capacity 891K, committed 896K, reserved 1048576K
Event: 1.135 GC heap after
Heap after GC invocations=1 (full 0):
 PSYoungGen      total 38400K, used 2851K [0x00000000d5c00000, 0x00000000d8680000, 0x0000000100000000)
  eden space 33280K, 0% used [0x00000000d5c00000,0x00000000d5c00000,0x00000000d7c80000)
  from space 5120K, 55% used [0x00000000d7c80000,0x00000000d7f48fd0,0x00000000d8180000)
  to   space 5120K, 0% used [0x00000000d8180000,0x00000000d8180000,0x00000000d8680000)
 ParOldGen       total 87552K, used 80K [0x0000000081400000, 0x0000000086980000, 0x00000000d5c00000)
  object space 87552K, 0% used [0x0000000081400000,0x0000000081414010,0x0000000086980000)
 Metaspace       used 7828K, capacity 7949K, committed 8064K, reserved 1056768K
  class space    used 815K, capacity 891K, committed 896K, reserved 1048576K
}

Deoptimization events (10 events):
Event: 0.963 Thread 0x00000000027bd800 Uncommon trap: reason=predicate action=maybe_recompile pc=0x0000000002df2eec method=java.util.AbstractCollection.toArray([Ljava/lang/Object;)[Ljava/lang/Object; @ 49
Event: 0.970 Thread 0x00000000027bd800 Uncommon trap: reason=array_check action=maybe_recompile pc=0x0000000002df227c method=java.util.AbstractCollection.toArray([Ljava/lang/Object;)[Ljava/lang/Object; @ 119
Event: 0.970 Thread 0x00000000027bd800 Uncommon trap: reason=array_check action=maybe_recompile pc=0x0000000002df227c method=java.util.AbstractCollection.toArray([Ljava/lang/Object;)[Ljava/lang/Object; @ 119
Event: 0.970 Thread 0x00000000027bd800 Uncommon trap: reason=array_check action=maybe_recompile pc=0x0000000002df227c method=java.util.AbstractCollection.toArray([Ljava/lang/Object;)[Ljava/lang/Object; @ 119
Event: 0.970 Thread 0x00000000027bd800 Uncommon trap: reason=array_check action=maybe_recompile pc=0x0000000002df227c method=java.util.AbstractCollection.toArray([Ljava/lang/Object;)[Ljava/lang/Object; @ 119
Event: 1.272 Thread 0x00000000027bd800 Uncommon trap: reason=unstable_if action=reinterpret pc=0x0000000002e1780c method=java.lang.String.split(Ljava/lang/String;I)[Ljava/lang/String; @ 207
Event: 1.272 Thread 0x00000000027bd800 Uncommon trap: reason=unstable_if action=reinterpret pc=0x0000000002e0fa40 method=primitive.model.meshLoader.objloader.Util.removeEmptyStrings([Ljava/lang/String;)[Ljava/lang/String; @ 21
Event: 1.274 Thread 0x00000000027bd800 Uncommon trap: reason=unstable_if action=reinterpret pc=0x0000000002e0e0e8 method=sun.misc.FloatingDecimal$ASCIIToBinaryBuffer.floatValue()F @ 95
Event: 3.149 Thread 0x00000000027bd800 Uncommon trap: reason=predicate action=maybe_recompile pc=0x0000000002e2a514 method=java.util.ArrayList.indexOf(Ljava/lang/Object;)I @ 44
Event: 3.149 Thread 0x00000000027bd800 Uncommon trap: reason=predicate action=maybe_recompile pc=0x0000000002dd5d14 method=java.util.ArrayList.indexOf(Ljava/lang/Object;)I @ 44

Internal exceptions (10 events):
Event: 0.062 Thread 0x00000000027bd800 Exception <a 'java/io/FileNotFoundException'> (0x00000000d5c66e40) thrown at [C:\re\workspace\8-2-build-windows-amd64-cygwin\jdk8u151\9699\hotspot\src\share\vm\prims\jni.cpp, line 709]
Event: 0.408 Thread 0x00000000027bd800 Exception <a 'java/security/PrivilegedActionException'> (0x00000000d60d6b58) thrown at [C:\re\workspace\8-2-build-windows-amd64-cygwin\jdk8u151\9699\hotspot\src\share\vm\prims\jvm.cpp, line 1390]
Event: 0.408 Thread 0x00000000027bd800 Exception <a 'java/security/PrivilegedActionException'> (0x00000000d60d6d68) thrown at [C:\re\workspace\8-2-build-windows-amd64-cygwin\jdk8u151\9699\hotspot\src\share\vm\prims\jvm.cpp, line 1390]
Event: 0.408 Thread 0x00000000027bd800 Exception <a 'java/security/PrivilegedActionException'> (0x00000000d60da9d8) thrown at [C:\re\workspace\8-2-build-windows-amd64-cygwin\jdk8u151\9699\hotspot\src\share\vm\prims\jvm.cpp, line 1390]
Event: 0.408 Thread 0x00000000027bd800 Exception <a 'java/security/PrivilegedActionException'> (0x00000000d60dabe8) thrown at [C:\re\workspace\8-2-build-windows-amd64-cygwin\jdk8u151\9699\hotspot\src\share\vm\prims\jvm.cpp, line 1390]
Event: 0.413 Thread 0x00000000027bd800 Exception <a 'java/util/zip/ZipException'> (0x00000000d60edeb0) thrown at [C:\re\workspace\8-2-build-windows-amd64-cygwin\jdk8u151\9699\hotspot\src\share\vm\prims\jni.cpp, line 709]
Event: 0.414 Thread 0x00000000027bd800 Exception <a 'java/util/zip/ZipException'> (0x00000000d60f0f68) thrown at [C:\re\workspace\8-2-build-windows-amd64-cygwin\jdk8u151\9699\hotspot\src\share\vm\prims\jni.cpp, line 709]
Event: 0.414 Thread 0x00000000027bd800 Exception <a 'java/util/zip/ZipException'> (0x00000000d60f3f28) thrown at [C:\re\workspace\8-2-build-windows-amd64-cygwin\jdk8u151\9699\hotspot\src\share\vm\prims\jni.cpp, line 709]
Event: 0.892 Thread 0x00000000027bd800 Exception <a 'java/lang/NoSuchFieldError': method resolution failed> (0x00000000d7000388) thrown at [C:\re\workspace\8-2-build-windows-amd64-cygwin\jdk8u151\9699\hotspot\src\share\vm\prims\methodHandles.cpp, line 1146]
Event: 0.893 Thread 0x00000000027bd800 Exception <a 'java/lang/NoSuchFieldError': method resolution failed> (0x00000000d700d890) thrown at [C:\re\workspace\8-2-build-windows-amd64-cygwin\jdk8u151\9699\hotspot\src\share\vm\prims\methodHandles.cpp, line 1146]

Events (10 events):
Event: 3.220 loading class shader/debug/DebugShader done
Event: 3.225 loading class org/lwjgl/opengl/Sync
Event: 3.225 loading class org/lwjgl/opengl/Sync done
Event: 3.226 loading class org/lwjgl/opengl/Sync$RunningAvg
Event: 3.226 loading class org/lwjgl/opengl/Sync$RunningAvg done
Event: 3.226 loading class org/lwjgl/opengl/Sync$1
Event: 3.226 loading class org/lwjgl/opengl/Sync$1 done
Event: 3.228 Thread 0x000000001fced800 Thread added: 0x000000001fced800
Event: 3.228 loading class input/KeyboardGame
Event: 3.228 loading class input/KeyboardGame done


Dynamic libraries:
0x00007ff79a3b0000 - 0x00007ff79a3e7000 	C:\Program Files\Java\jre1.8.0_151\bin\javaw.exe
0x00007ffa0e360000 - 0x00007ffa0e53b000 	C:\WINDOWS\SYSTEM32\ntdll.dll
0x00007ffa0bcb0000 - 0x00007ffa0bd5e000 	C:\WINDOWS\System32\KERNEL32.DLL
0x00007ffa0a880000 - 0x00007ffa0aac9000 	C:\WINDOWS\System32\KERNELBASE.dll
0x00007ffa0e120000 - 0x00007ffa0e1c1000 	C:\WINDOWS\System32\ADVAPI32.dll
0x00007ffa0c020000 - 0x00007ffa0c0bd000 	C:\WINDOWS\System32\msvcrt.dll
0x00007ffa0c0c0000 - 0x00007ffa0c119000 	C:\WINDOWS\System32\sechost.dll
0x00007ffa0c120000 - 0x00007ffa0c245000 	C:\WINDOWS\System32\RPCRT4.dll
0x00007ffa0b950000 - 0x00007ffa0ba9a000 	C:\WINDOWS\System32\USER32.dll
0x00007ffa0ad80000 - 0x00007ffa0ad9e000 	C:\WINDOWS\System32\win32u.dll
0x00007ffa0e0f0000 - 0x00007ffa0e117000 	C:\WINDOWS\System32\GDI32.dll
0x00007ffa0ab30000 - 0x00007ffa0acb7000 	C:\WINDOWS\System32\gdi32full.dll
0x00007ffa0ae50000 - 0x00007ffa0aeea000 	C:\WINDOWS\System32\msvcp_win.dll
0x00007ffa0b7c0000 - 0x00007ffa0b8b6000 	C:\WINDOWS\System32\ucrtbase.dll
0x00007ff9fe640000 - 0x00007ff9fe8a7000 	C:\WINDOWS\WinSxS\amd64_microsoft.windows.common-controls_6595b64144ccf1df_6.0.15063.483_none_26002d27e7c744a2\COMCTL32.dll
0x00007ffa0c2b0000 - 0x00007ffa0c5a9000 	C:\WINDOWS\System32\combase.dll
0x00007ffa0ad10000 - 0x00007ffa0ad7a000 	C:\WINDOWS\System32\bcryptPrimitives.dll
0x00007ffa0dae0000 - 0x00007ffa0db0d000 	C:\WINDOWS\System32\IMM32.DLL
0x0000000067b10000 - 0x0000000067be2000 	C:\Program Files\Java\jre1.8.0_151\bin\msvcr100.dll
0x0000000066770000 - 0x000000006700d000 	C:\Program Files\Java\jre1.8.0_151\bin\server\jvm.dll
0x00007ffa0da10000 - 0x00007ffa0da18000 	C:\WINDOWS\System32\PSAPI.DLL
0x00007ffa004e0000 - 0x00007ffa00503000 	C:\WINDOWS\SYSTEM32\WINMM.dll
0x00007ffa08380000 - 0x00007ffa08389000 	C:\WINDOWS\SYSTEM32\WSOCK32.dll
0x00007ffa02ee0000 - 0x00007ffa02eea000 	C:\WINDOWS\SYSTEM32\VERSION.dll
0x00007ffa0e230000 - 0x00007ffa0e29c000 	C:\WINDOWS\System32\WS2_32.dll
0x00007ffa002c0000 - 0x00007ffa002eb000 	C:\WINDOWS\SYSTEM32\WINMMBASE.dll
0x00007ffa0acc0000 - 0x00007ffa0ad09000 	C:\WINDOWS\System32\cfgmgr32.dll
0x0000000068940000 - 0x000000006894f000 	C:\Program Files\Java\jre1.8.0_151\bin\verify.dll
0x0000000068910000 - 0x0000000068939000 	C:\Program Files\Java\jre1.8.0_151\bin\java.dll
0x00000000688f0000 - 0x0000000068906000 	C:\Program Files\Java\jre1.8.0_151\bin\zip.dll
0x00007ffa0c5d0000 - 0x00007ffa0da07000 	C:\WINDOWS\System32\SHELL32.dll
0x00007ffa0da20000 - 0x00007ffa0daca000 	C:\WINDOWS\System32\shcore.dll
0x00007ffa0aef0000 - 0x00007ffa0b5e1000 	C:\WINDOWS\System32\windows.storage.dll
0x00007ffa0e1d0000 - 0x00007ffa0e221000 	C:\WINDOWS\System32\shlwapi.dll
0x00007ffa0a7d0000 - 0x00007ffa0a7e1000 	C:\WINDOWS\System32\kernel.appcore.dll
0x00007ffa0a810000 - 0x00007ffa0a85c000 	C:\WINDOWS\System32\powrprof.dll
0x00007ffa0a7f0000 - 0x00007ffa0a805000 	C:\WINDOWS\System32\profapi.dll
0x0000000180000000 - 0x0000000180051000 	D:\Программы\Проекты\JavaProgs\GameEngine\library\natives\lwjgl64.dll
0x00007ff9fb640000 - 0x00007ff9fb761000 	C:\WINDOWS\SYSTEM32\OPENGL32.dll
0x00007ffa067f0000 - 0x00007ffa0681c000 	C:\WINDOWS\SYSTEM32\GLU32.dll
0x00007ffa090b0000 - 0x00007ffa09145000 	C:\WINDOWS\system32\uxtheme.dll
0x00007ffa0beb0000 - 0x00007ffa0c016000 	C:\WINDOWS\System32\MSCTF.dll
0x00007ffa0e2a0000 - 0x00007ffa0e360000 	C:\WINDOWS\System32\OLEAUT32.dll
0x00007ffa08320000 - 0x00007ffa0834a000 	C:\WINDOWS\system32\dwmapi.dll
0x00000000644a0000 - 0x0000000066767000 	C:\WINDOWS\SYSTEM32\nvoglv64.DLL
0x00007ffa0db10000 - 0x00007ffa0df4b000 	C:\WINDOWS\System32\SETUPAPI.dll
0x00007ffa0bd60000 - 0x00007ffa0bea5000 	C:\WINDOWS\System32\ole32.dll
0x00007ffa070d0000 - 0x00007ffa070e3000 	C:\WINDOWS\SYSTEM32\WTSAPI32.dll
0x00007ffa092a0000 - 0x00007ffa092c8000 	C:\WINDOWS\SYSTEM32\DEVOBJ.dll
0x00007ffa0aad0000 - 0x00007ffa0ab26000 	C:\WINDOWS\System32\WINTRUST.dll
0x00007ffa0a860000 - 0x00007ffa0a871000 	C:\WINDOWS\System32\MSASN1.dll
0x00007ffa0b5f0000 - 0x00007ffa0b7b9000 	C:\WINDOWS\System32\CRYPT32.dll
0x00007ffa099b0000 - 0x00007ffa099e1000 	C:\WINDOWS\SYSTEM32\ntmarta.dll
0x00007ff9fe950000 - 0x00007ff9feb2c000 	C:\WINDOWS\system32\nvspcap64.dll
0x00007ffa06df0000 - 0x00007ffa06ec6000 	C:\WINDOWS\SYSTEM32\WINHTTP.dll
0x00007ffa03fd0000 - 0x00007ffa04052000 	C:\WINDOWS\System32\TextInputFramework.dll
0x00007ffa07530000 - 0x00007ffa07613000 	C:\WINDOWS\System32\CoreMessaging.dll
0x00007ff9f9ed0000 - 0x00007ff9fa1a2000 	C:\WINDOWS\System32\CoreUIComponents.dll
0x00007ffa051a0000 - 0x00007ffa052d9000 	C:\WINDOWS\SYSTEM32\wintypes.dll
0x00007ffa045e0000 - 0x00007ffa045f5000 	C:\WINDOWS\SYSTEM32\usermgrcli.dll
0x00007ffa07a00000 - 0x00007ffa07a93000 	C:\WINDOWS\SYSTEM32\mscms.dll
0x00007ffa0a700000 - 0x00007ffa0a729000 	C:\WINDOWS\SYSTEM32\USERENV.dll
0x00007ff9fb470000 - 0x00007ff9fb4b1000 	C:\WINDOWS\SYSTEM32\icm32.dll
0x00007ffa0a640000 - 0x00007ffa0a695000 	C:\WINDOWS\SYSTEM32\WINSTA.dll
0x0000000067970000 - 0x0000000067b08000 	C:\Program Files\Java\jre1.8.0_151\bin\awt.dll
0x00007ffa08e80000 - 0x00007ffa08efe000 	C:\WINDOWS\SYSTEM32\apphelp.dll
0x00007ffa04610000 - 0x00007ffa047b9000 	C:\WINDOWS\SYSTEM32\dbghelp.dll

VM Arguments:
jvm_args: -Djava.library.path=D:\Программы\Проекты\JavaProgs\GameEngine\library\natives -Dfile.encoding=Cp1251 
java_command: core.EngineMain
java_class_path (initial): D:\Программы\Проекты\JavaProgs\GameEngine\target\classes;D:\Программы\Проекты\JavaProgs\GameEngine\library\jar\slick-util.jar;D:\Программы\Проекты\JavaProgs\GameEngine\library\jar\lwjgl.jar;C:\Users\Админ\.m2\repository\org\lwjgl\lwjgl\lwjgl_util\2.9.3\lwjgl_util-2.9.3.jar;C:\Users\Админ\.m2\repository\org\lwjgl\lwjgl\lwjgl\2.9.3\lwjgl-2.9.3.jar;C:\Users\Админ\.m2\repository\org\lwjgl\lwjgl\lwjgl-platform\2.9.3\lwjgl-platform-2.9.3-natives-windows.jar;C:\Users\Админ\.m2\repository\org\lwjgl\lwjgl\lwjgl-platform\2.9.3\lwjgl-platform-2.9.3-natives-linux.jar;C:\Users\Админ\.m2\repository\org\lwjgl\lwjgl\lwjgl-platform\2.9.3\lwjgl-platform-2.9.3-natives-osx.jar;C:\Users\Админ\.m2\repository\net\java\jinput\jinput\2.0.5\jinput-2.0.5.jar;C:\Users\Админ\.m2\repository\net\java\jutils\jutils\1.0.0\jutils-1.0.0.jar;C:\Users\Админ\.m2\repository\net\java\jinput\jinput-platform\2.0.5\jinput-platform-2.0.5-natives-linux.jar;C:\Users\Админ\.m2\repository\net\java\jinput\jinput-platform\2.0.5\jinput-platform-2.0.5-natives-windows.jar;C:\Users\Админ\.m2\repository\net\java\jinput\jinput-platform\2.0.5\jinput-platform-2.0.5-natives-osx.jar;C:\Users\Админ\.m2\repository\im\bci\pngdecoder\0.12\pngdecoder-0.12.jar;C:\Users\Админ\.m2\repository\org\lwjgl\lwjgl-stb\3.1.2\lwjgl-stb-3.1.2.jar;C:\Users\Админ\.m2\repository\org\lwjgl\lwjgl\3.1.2\lwjgl-3.1.2.jar
Launcher Type: SUN_STANDARD

Environment Variables:
JAVA_HOME=C:\Program Files\Java\jdk1.8.0_112
PATH=C:/Program Files/Java/jre1.8.0_151/bin/server;C:/Program Files/Java/jre1.8.0_151/bin;C:/Program Files/Java/jre1.8.0_151/lib/amd64;C:\ProgramData\Oracle\Java\javapath;C:\WINDOWS\system32;C:\WINDOWS;C:\WINDOWS\System32\Wbem;C:\WINDOWS\System32\WindowsPowerShell\v1.0\;C:\Program Files (x86)\Microsoft SQL Server\90\Tools\binn\;C:\Program Files (x86)\NVIDIA Corporation\PhysX\Common;C:\Program Files (x86)\GtkSharp\2.12\bin;C:\ProgramData\ComposerSetup\bin;C:\Program Files\MySQL\MySQL Utilities 1.6\;C:\WINDOWS\system32;C:\WINDOWS;C:\WINDOWS\System32\Wbem;C:\WINDOWS\System32\WindowsPowerShell\v1.0\;C:\Program Files\Git\cmd;C:\Program Files\nodejs\;C:\Program Files\apache-maven-3.3.9\bin;C:\Program Files\Java\jdk1.8.0_112\bin;C:\Users\Админ\AppData\Local\Microsoft\WindowsApps;C:\PHP\php;C:\Users\Админ\AppData\Roaming\Composer\vendor\bin;C:\Users\Админ\npm\.node_modules_global;C:\Users\Админ\npm\.node_modules_global\node_modules\yarn\bin;;C:\Users\Админ\Desktop;
USERNAME=Админ
OS=Windows_NT
PROCESSOR_IDENTIFIER=Intel64 Family 6 Model 94 Stepping 3, GenuineIntel



---------------  S Y S T E M  ---------------

OS: Windows 10.0 , 64 bit Build 15063 (10.0.15063.296)

CPU:total 4 (initial active 4) (4 cores per cpu, 1 threads per core) family 6 model 94 stepping 3, cmov, cx8, fxsr, mmx, sse, sse2, sse3, ssse3, sse4.1, sse4.2, popcnt, avx, avx2, aes, clmul, erms, rtm, 3dnowpref, lzcnt, tsc, tscinvbit, bmi1, bmi2, adx

Memory: 4k page, physical 8298716k(2938832k free), swap 11330404k(3094116k free)

vm_info: Java HotSpot(TM) 64-Bit Server VM (25.151-b12) for windows-amd64 JRE (1.8.0_151-b12), built on Sep  5 2017 19:33:46 by "java_re" with MS VC++ 10.0 (VS2010)

time: Sun Nov 19 15:59:58 2017
elapsed time: 3 seconds (0d 0h 0m 3s)

