#
# A fatal error has been detected by the Java Runtime Environment:
#
#  EXCEPTION_ACCESS_VIOLATION (0xc0000005) at pc=0x000000005d342a69, pid=1208, tid=0x0000000000001388
#
# JRE version: Java(TM) SE Runtime Environment (8.0_141-b15) (build 1.8.0_141-b15)
# Java VM: Java HotSpot(TM) 64-Bit Server VM (25.141-b15 mixed mode windows-amd64 compressed oops)
# Problematic frame:
# C  [nvoglv64.DLL+0x15c2a69]
#
# Failed to write core dump. Minidumps are not enabled by default on client versions of Windows
#
# If you would like to submit a bug report, please visit:
#   http://bugreport.java.com/bugreport/crash.jsp
# The crash happened outside the Java Virtual Machine in native code.
# See problematic frame for where to report the bug.
#

---------------  T H R E A D  ---------------

Current thread (0x0000000001bde800):  JavaThread "main" [_thread_in_native, id=5000, stack(0x0000000002190000,0x0000000002290000)]

siginfo: ExceptionCode=0xc0000005, reading address 0x0000000000000000

Registers:
RAX=0x0000000000000100, RBX=0x000000005ae64108, RCX=0x0000000000000100, RDX=0xffffffff9d45d7d0
RSP=0x000000000228ee48, RBP=0x0000000000000001, RSI=0x0000000000000000, RDI=0x0000000062ba2830
R8 =0x0000000000000100, R9 =0x0000000000000010, R10=0x0000000000000000, R11=0x0000000062ba2830
R12=0x0000000000000000, R13=0x000000005bd80000, R14=0x0000000000000001, R15=0x000000005ae63e88
RIP=0x000000005d342a69, EFLAGS=0x0000000000010207

Top of Stack: (sp=0x000000000228ee48)
0x000000000228ee48:   0000000000000010 0000000062ba2830
0x000000000228ee58:   000000005c83635c 0000000057649ba8
0x000000000228ee68:   000000000228efc8 0000000001bde370
0x000000000228ee78:   000000005c6d8b2b 0000000000000000
0x000000000228ee88:   0000000000000000 0000000000000000
0x000000000228ee98:   000000000008810b 000000005ae63e88
0x000000000228eea8:   000000005c83710e 000000005ae60080
0x000000000228eeb8:   0000000000000010 000000000000000e
0x000000000228eec8:   0000000002647de6 0000000001bde800
0x000000000228eed8:   000000000228efc8 0000000057649ba8
0x000000000228eee8:   0000000000000000 0000000000000815
0x000000000228eef8:   0000000002647f54 0000000057649ba8
0x000000000228ef08:   000000000228ef88 0000000000000128
0x000000000228ef18:   0000000002647ccb 0000000000000010
0x000000000228ef28:   000000005c78c790 0000000000000128
0x000000000228ef38:   0000000001bde800 0000000002647c82 

Instructions: (pc=0x000000005d342a69)
0x000000005d342a49:   03 c0 48 3b c8 0f 8c 96 03 00 00 0f ba 25 ec fa
0x000000005d342a59:   a3 00 01 73 13 57 56 48 8b f9 49 8b f2 49 8b c8
0x000000005d342a69:   f3 a4 5e 5f 49 8b c3 c3 0f ba 25 cf fa a3 00 02
0x000000005d342a79:   0f 82 56 02 00 00 f6 c1 07 74 36 f6 c1 01 74 0b 


Register to memory mapping:

RAX=0x0000000000000100 is an unknown value
RBX=0x000000005ae64108 is an unknown value
RCX=0x0000000000000100 is an unknown value
RDX=0xffffffff9d45d7d0 is an unknown value
RSP=0x000000000228ee48 is pointing into the stack for thread: 0x0000000001bde800
RBP=0x0000000000000001 is an unknown value
RSI=0x0000000000000000 is an unknown value
RDI=0x0000000062ba2830 is an unknown value
R8 =0x0000000000000100 is an unknown value
R9 =0x0000000000000010 is an unknown value
R10=0x0000000000000000 is an unknown value
R11=0x0000000062ba2830 is an unknown value
R12=0x0000000000000000 is an unknown value
R13=0x000000005bd80000 is an unknown value
R14=0x0000000000000001 is an unknown value
R15=0x000000005ae63e88 is an unknown value


Stack: [0x0000000002190000,0x0000000002290000],  sp=0x000000000228ee48,  free space=1019k
Native frames: (J=compiled Java code, j=interpreted, Vv=VM code, C=native code)
C  [nvoglv64.DLL+0x15c2a69]
C  0x0000000000000010

Java frames: (J=compiled Java code, j=interpreted, Vv=VM code)
j  org.lwjgl.opengl.GL11.nglDrawArrays(IIIJ)V+0
j  org.lwjgl.opengl.GL11.glDrawArrays(III)V+20
j  object.terrain.terrain.TerrainNode.render(Lshader/terrain/TerrainShader;Lprimitive/buffer/VAO;)V+44
j  renderer.terrain.TerrainRenderer.renderLow(Ljava/util/Collection;Ljava/util/Collection;Lobject/camera/ICamera;)V+167
j  renderer.main.MainRenderer.renderLowQualityScene(Ljava/util/Map;Ljava/util/Collection;Ljava/util/Collection;Lobject/camera/ICamera;)V+24
j  renderer.environment.EnvironmentMapRenderer.render(Lobject/scene/IScene;Lrenderer/main/MainRenderer;Lobject/entity/entity/IEntity;)V+209
j  renderer.main.MainRenderer.renderScene(Lobject/scene/IScene;Lorg/lwjgl/util/vector/Vector4f;Z)V+79
j  renderer.main.MainRenderer.renderScene(Lobject/scene/IScene;Lorg/lwjgl/util/vector/Vector4f;)V+4
j  renderer.scene.GameSceneRenderer.renderToScreen()V+37
j  renderer.scene.GameSceneRenderer.render(Z)V+28
j  core.loop.Loop.update()V+40
j  core.loop.Loop.run()V+18
j  core.EngineMain.main([Ljava/lang/String;)V+9
v  ~StubRoutines::call_stub

---------------  P R O C E S S  ---------------

Java Threads: ( => current thread )
  0x00000000672c3800 JavaThread "ForkJoinPool.commonPool-worker-7" daemon [_thread_blocked, id=5440, stack(0x0000000064590000,0x0000000064690000)]
  0x00000000672c3000 JavaThread "ForkJoinPool.commonPool-worker-5" daemon [_thread_blocked, id=2856, stack(0x0000000066880000,0x0000000066980000)]
  0x0000000063352800 JavaThread "ForkJoinPool.commonPool-worker-6" daemon [_thread_blocked, id=1532, stack(0x0000000066700000,0x0000000066800000)]
  0x000000006334e000 JavaThread "ForkJoinPool.commonPool-worker-4" daemon [_thread_blocked, id=1260, stack(0x00000000664d0000,0x00000000665d0000)]
  0x000000006334b000 JavaThread "ForkJoinPool.commonPool-worker-3" daemon [_thread_blocked, id=2756, stack(0x0000000065ec0000,0x0000000065fc0000)]
  0x0000000063346800 JavaThread "ForkJoinPool.commonPool-worker-2" daemon [_thread_blocked, id=7000, stack(0x0000000065900000,0x0000000065a00000)]
  0x00000000674f5000 JavaThread "ForkJoinPool.commonPool-worker-1" daemon [_thread_blocked, id=4368, stack(0x0000000065dc0000,0x0000000065ec0000)]
  0x0000000058ccd000 JavaThread "Service Thread" daemon [_thread_blocked, id=3808, stack(0x000000005aaa0000,0x000000005aba0000)]
  0x0000000058c51800 JavaThread "C1 CompilerThread3" daemon [_thread_blocked, id=5972, stack(0x000000005a8d0000,0x000000005a9d0000)]
  0x0000000058c48000 JavaThread "C2 CompilerThread2" daemon [_thread_blocked, id=7164, stack(0x000000005a7a0000,0x000000005a8a0000)]
  0x0000000058c41000 JavaThread "C2 CompilerThread1" daemon [_thread_blocked, id=5344, stack(0x000000005a3f0000,0x000000005a4f0000)]
  0x0000000058c3b800 JavaThread "C2 CompilerThread0" daemon [_thread_blocked, id=7116, stack(0x000000005a500000,0x000000005a600000)]
  0x0000000058c34000 JavaThread "Attach Listener" daemon [_thread_blocked, id=5524, stack(0x000000005a260000,0x000000005a360000)]
  0x0000000058c32800 JavaThread "Signal Dispatcher" daemon [_thread_blocked, id=3180, stack(0x0000000059e80000,0x0000000059f80000)]
  0x0000000057b78000 JavaThread "Finalizer" daemon [_thread_blocked, id=6864, stack(0x000000005a040000,0x000000005a140000)]
  0x0000000057b76800 JavaThread "Reference Handler" daemon [_thread_blocked, id=4772, stack(0x0000000059d70000,0x0000000059e70000)]
=>0x0000000001bde800 JavaThread "main" [_thread_in_native, id=5000, stack(0x0000000002190000,0x0000000002290000)]

Other Threads:
  0x0000000058be2800 VMThread [stack: 0x0000000059b80000,0x0000000059c80000] [id=5080]
  0x0000000058cf4000 WatcherThread [stack: 0x000000005a660000,0x000000005a760000] [id=6336]

VM state:not at safepoint (normal execution)

VM Mutex/Monitor currently owned by a thread: None

Heap:
 PSYoungGen      total 73216K, used 9935K [0x00000000d5980000, 0x00000000da980000, 0x0000000100000000)
  eden space 66048K, 5% used [0x00000000d5980000,0x00000000d5d4ba18,0x00000000d9a00000)
  from space 7168K, 84% used [0x00000000da180000,0x00000000da7683a8,0x00000000da880000)
  to   space 7680K, 0% used [0x00000000d9a00000,0x00000000d9a00000,0x00000000da180000)
 ParOldGen       total 87552K, used 27344K [0x0000000080c00000, 0x0000000086180000, 0x00000000d5980000)
  object space 87552K, 31% used [0x0000000080c00000,0x00000000826b4398,0x0000000086180000)
 Metaspace       used 10267K, capacity 10753K, committed 11008K, reserved 1058816K
  class space    used 1098K, capacity 1213K, committed 1280K, reserved 1048576K

Card table byte_map: [0x00000000119f0000,0x0000000011df0000] byte_map_base: 0x00000000115ea000

Marking Bits: (ParMarkBitMap*) 0x000000006546d850
 Begin Bits: [0x0000000012df0000, 0x0000000014dc0000)
 End Bits:   [0x0000000014dc0000, 0x0000000016d90000)

Polling page: 0x0000000000350000

CodeCache: size=245760Kb used=5614Kb max_used=5626Kb free=240146Kb
 bounds [0x0000000002630000, 0x0000000002bc0000, 0x0000000011630000]
 total_blobs=2174 nmethods=1681 adapters=405
 compilation: enabled

Compilation events (10 events):
Event: 7.730 Thread 0x0000000058c51800 nmethod 1685 0x0000000002ba8610 code [0x0000000002ba8760, 0x0000000002ba8850]
Event: 7.730 Thread 0x0000000058c51800 1686       1       java.lang.invoke.InnerClassLambdaMetafactory::access$400 (5 bytes)
Event: 7.730 Thread 0x0000000058c51800 nmethod 1686 0x0000000002ba88d0 code [0x0000000002ba8a20, 0x0000000002ba8b10]
Event: 7.733 Thread 0x0000000058c41000 nmethod 1676 0x0000000002babf10 code [0x0000000002bac0c0, 0x0000000002bac808]
Event: 7.733 Thread 0x0000000058c41000 1677       4       renderer.environment.EnvironmentMapRenderer::lambda$2 (61 bytes)
Event: 7.737 Thread 0x0000000058c3b800 nmethod 1673 0x0000000002ba9010 code [0x0000000002ba91e0, 0x0000000002ba9d08]
Event: 7.737 Thread 0x0000000058c3b800 1678       4       renderer.environment.EnvironmentMapRenderer$$Lambda$75/2094564124::test (12 bytes)
Event: 7.738 Thread 0x0000000058c3b800 nmethod 1678 0x0000000002ba8d50 code [0x0000000002ba8e80, 0x0000000002ba8f58]
Event: 7.738 Thread 0x0000000058c48000 nmethod 1675 0x0000000002bb2e50 code [0x0000000002bb3020, 0x0000000002bb3c68]
Event: 7.739 Thread 0x0000000058c41000 nmethod 1677 0x0000000002baffd0 code [0x0000000002bb0180, 0x0000000002bb08a8]

GC Heap History (10 events):
Event: 4.902 GC heap before
{Heap before GC invocations=2 (full 0):
 PSYoungGen      total 38400K, used 36089K [0x00000000d5980000, 0x00000000d8400000, 0x0000000100000000)
  eden space 33280K, 99% used [0x00000000d5980000,0x00000000d79ffff0,0x00000000d7a00000)
  from space 5120K, 54% used [0x00000000d7a00000,0x00000000d7cbe620,0x00000000d7f00000)
  to   space 5120K, 0% used [0x00000000d7f00000,0x00000000d7f00000,0x00000000d8400000)
 ParOldGen       total 87552K, used 80K [0x0000000080c00000, 0x0000000086180000, 0x00000000d5980000)
  object space 87552K, 0% used [0x0000000080c00000,0x0000000080c14010,0x0000000086180000)
 Metaspace       used 8194K, capacity 8373K, committed 8704K, reserved 1056768K
  class space    used 849K, capacity 925K, committed 1024K, reserved 1048576K
Event: 4.905 GC heap after
Heap after GC invocations=2 (full 0):
 PSYoungGen      total 38400K, used 5092K [0x00000000d5980000, 0x00000000d8400000, 0x0000000100000000)
  eden space 33280K, 0% used [0x00000000d5980000,0x00000000d5980000,0x00000000d7a00000)
  from space 5120K, 99% used [0x00000000d7f00000,0x00000000d83f9088,0x00000000d8400000)
  to   space 5120K, 0% used [0x00000000d7a00000,0x00000000d7a00000,0x00000000d7f00000)
 ParOldGen       total 87552K, used 689K [0x0000000080c00000, 0x0000000086180000, 0x00000000d5980000)
  object space 87552K, 0% used [0x0000000080c00000,0x0000000080cac588,0x0000000086180000)
 Metaspace       used 8194K, capacity 8373K, committed 8704K, reserved 1056768K
  class space    used 849K, capacity 925K, committed 1024K, reserved 1048576K
}
Event: 6.801 GC heap before
{Heap before GC invocations=3 (full 0):
 PSYoungGen      total 38400K, used 36665K [0x00000000d5980000, 0x00000000d8400000, 0x0000000100000000)
  eden space 33280K, 94% used [0x00000000d5980000,0x00000000d78554b8,0x00000000d7a00000)
  from space 5120K, 99% used [0x00000000d7f00000,0x00000000d83f9088,0x00000000d8400000)
  to   space 5120K, 0% used [0x00000000d7a00000,0x00000000d7a00000,0x00000000d7f00000)
 ParOldGen       total 87552K, used 26496K [0x0000000080c00000, 0x0000000086180000, 0x00000000d5980000)
  object space 87552K, 30% used [0x0000000080c00000,0x00000000825e0398,0x0000000086180000)
 Metaspace       used 9305K, capacity 9535K, committed 9856K, reserved 1058816K
  class space    used 982K, capacity 1058K, committed 1152K, reserved 1048576K
Event: 6.804 GC heap after
Heap after GC invocations=3 (full 0):
 PSYoungGen      total 38400K, used 3939K [0x00000000d5980000, 0x00000000d8400000, 0x0000000100000000)
  eden space 33280K, 0% used [0x00000000d5980000,0x00000000d5980000,0x00000000d7a00000)
  from space 5120K, 76% used [0x00000000d7a00000,0x00000000d7dd8e88,0x00000000d7f00000)
  to   space 5120K, 0% used [0x00000000d7f00000,0x00000000d7f00000,0x00000000d8400000)
 ParOldGen       total 87552K, used 26504K [0x0000000080c00000, 0x0000000086180000, 0x00000000d5980000)
  object space 87552K, 30% used [0x0000000080c00000,0x00000000825e2398,0x0000000086180000)
 Metaspace       used 9305K, capacity 9535K, committed 9856K, reserved 1058816K
  class space    used 982K, capacity 1058K, committed 1152K, reserved 1048576K
}
Event: 7.180 GC heap before
{Heap before GC invocations=4 (full 0):
 PSYoungGen      total 38400K, used 37219K [0x00000000d5980000, 0x00000000d8400000, 0x0000000100000000)
  eden space 33280K, 100% used [0x00000000d5980000,0x00000000d7a00000,0x00000000d7a00000)
  from space 5120K, 76% used [0x00000000d7a00000,0x00000000d7dd8e88,0x00000000d7f00000)
  to   space 5120K, 0% used [0x00000000d7f00000,0x00000000d7f00000,0x00000000d8400000)
 ParOldGen       total 87552K, used 26504K [0x0000000080c00000, 0x0000000086180000, 0x00000000d5980000)
  object space 87552K, 30% used [0x0000000080c00000,0x00000000825e2398,0x0000000086180000)
 Metaspace       used 9493K, capacity 9811K, committed 10112K, reserved 1058816K
  class space    used 1005K, capacity 1094K, committed 1152K, reserved 1048576K
Event: 7.183 GC heap after
Heap after GC invocations=4 (full 0):
 PSYoungGen      total 38400K, used 5104K [0x00000000d5980000, 0x00000000d8400000, 0x0000000100000000)
  eden space 33280K, 0% used [0x00000000d5980000,0x00000000d5980000,0x00000000d7a00000)
  from space 5120K, 99% used [0x00000000d7f00000,0x00000000d83fc0c0,0x00000000d8400000)
  to   space 5120K, 0% used [0x00000000d7a00000,0x00000000d7a00000,0x00000000d7f00000)
 ParOldGen       total 87552K, used 26976K [0x0000000080c00000, 0x0000000086180000, 0x00000000d5980000)
  object space 87552K, 30% used [0x0000000080c00000,0x0000000082658398,0x0000000086180000)
 Metaspace       used 9493K, capacity 9811K, committed 10112K, reserved 1058816K
  class space    used 1005K, capacity 1094K, committed 1152K, reserved 1048576K
}
Event: 7.265 GC heap before
{Heap before GC invocations=5 (full 0):
 PSYoungGen      total 38400K, used 38384K [0x00000000d5980000, 0x00000000d8400000, 0x0000000100000000)
  eden space 33280K, 100% used [0x00000000d5980000,0x00000000d7a00000,0x00000000d7a00000)
  from space 5120K, 99% used [0x00000000d7f00000,0x00000000d83fc0c0,0x00000000d8400000)
  to   space 5120K, 0% used [0x00000000d7a00000,0x00000000d7a00000,0x00000000d7f00000)
 ParOldGen       total 87552K, used 26976K [0x0000000080c00000, 0x0000000086180000, 0x00000000d5980000)
  object space 87552K, 30% used [0x0000000080c00000,0x0000000082658398,0x0000000086180000)
 Metaspace       used 9494K, capacity 9811K, committed 10112K, reserved 1058816K
  class space    used 1005K, capacity 1094K, committed 1152K, reserved 1048576K
Event: 7.268 GC heap after
Heap after GC invocations=5 (full 0):
 PSYoungGen      total 38400K, used 5088K [0x00000000d5980000, 0x00000000da880000, 0x0000000100000000)
  eden space 33280K, 0% used [0x00000000d5980000,0x00000000d5980000,0x00000000d7a00000)
  from space 5120K, 99% used [0x00000000d7a00000,0x00000000d7ef80b0,0x00000000d7f00000)
  to   space 7168K, 0% used [0x00000000da180000,0x00000000da180000,0x00000000da880000)
 ParOldGen       total 87552K, used 27336K [0x0000000080c00000, 0x0000000086180000, 0x00000000d5980000)
  object space 87552K, 31% used [0x0000000080c00000,0x00000000826b2398,0x0000000086180000)
 Metaspace       used 9494K, capacity 9811K, committed 10112K, reserved 1058816K
  class space    used 1005K, capacity 1094K, committed 1152K, reserved 1048576K
}
Event: 7.621 GC heap before
{Heap before GC invocations=6 (full 0):
 PSYoungGen      total 38400K, used 38368K [0x00000000d5980000, 0x00000000da880000, 0x0000000100000000)
  eden space 33280K, 100% used [0x00000000d5980000,0x00000000d7a00000,0x00000000d7a00000)
  from space 5120K, 99% used [0x00000000d7a00000,0x00000000d7ef80b0,0x00000000d7f00000)
  to   space 7168K, 0% used [0x00000000da180000,0x00000000da180000,0x00000000da880000)
 ParOldGen       total 87552K, used 27336K [0x0000000080c00000, 0x0000000086180000, 0x00000000d5980000)
  object space 87552K, 31% used [0x0000000080c00000,0x00000000826b2398,0x0000000086180000)
 Metaspace       used 9929K, capacity 10241K, committed 10368K, reserved 1058816K
  class space    used 1037K, capacity 1127K, committed 1152K, reserved 1048576K
Event: 7.626 GC heap after
Heap after GC invocations=6 (full 0):
 PSYoungGen      total 73216K, used 6048K [0x00000000d5980000, 0x00000000da980000, 0x0000000100000000)
  eden space 66048K, 0% used [0x00000000d5980000,0x00000000d5980000,0x00000000d9a00000)
  from space 7168K, 84% used [0x00000000da180000,0x00000000da7683a8,0x00000000da880000)
  to   space 7680K, 0% used [0x00000000d9a00000,0x00000000d9a00000,0x00000000da180000)
 ParOldGen       total 87552K, used 27344K [0x0000000080c00000, 0x0000000086180000, 0x00000000d5980000)
  object space 87552K, 31% used [0x0000000080c00000,0x00000000826b4398,0x0000000086180000)
 Metaspace       used 9929K, capacity 10241K, committed 10368K, reserved 1058816K
  class space    used 1037K, capacity 1127K, committed 1152K, reserved 1048576K
}

Deoptimization events (10 events):
Event: 7.719 Thread 0x0000000001bde800 Uncommon trap: reason=speculate_class_check action=maybe_recompile pc=0x0000000002af7344 method=java.util.concurrent.ForkJoinTask.externalAwaitDone()I @ 1
Event: 7.721 Thread 0x0000000001bde800 Uncommon trap: reason=class_check action=maybe_recompile pc=0x0000000002aecd90 method=java.util.concurrent.ForkJoinTask.doExec()I @ 10
Event: 7.721 Thread 0x0000000001bde800 Uncommon trap: reason=class_check action=maybe_recompile pc=0x0000000002af2204 method=java.util.concurrent.CountedCompleter.exec()Z @ 1
Event: 7.721 Thread 0x0000000001bde800 Uncommon trap: reason=speculate_class_check action=maybe_recompile pc=0x0000000002af7344 method=java.util.concurrent.ForkJoinTask.externalAwaitDone()I @ 1
Event: 7.722 Thread 0x0000000001bde800 Uncommon trap: reason=class_check action=maybe_recompile pc=0x0000000002aeb8b0 method=java.util.stream.Sink$ChainedReference.<init>(Ljava/util/stream/Sink;)V @ 9
Event: 7.722 Thread 0x0000000001bde800 Uncommon trap: reason=class_check action=maybe_recompile pc=0x0000000002ad6e28 method=java.util.stream.ReferencePipeline$2$1.begin(J)V @ 7
Event: 7.722 Thread 0x0000000001bde800 Uncommon trap: reason=bimorphic action=maybe_recompile pc=0x0000000002a69cbc method=java.util.stream.ForEachOps$ForEachOp$OfRef.accept(Ljava/lang/Object;)V @ 5
Event: 7.723 Thread 0x0000000001bde800 Uncommon trap: reason=bimorphic action=maybe_recompile pc=0x0000000002a69cbc method=java.util.stream.ForEachOps$ForEachOp$OfRef.accept(Ljava/lang/Object;)V @ 5
Event: 7.723 Thread 0x0000000001bde800 Uncommon trap: reason=bimorphic action=maybe_recompile pc=0x0000000002a69cbc method=java.util.stream.ForEachOps$ForEachOp$OfRef.accept(Ljava/lang/Object;)V @ 5
Event: 7.723 Thread 0x0000000001bde800 Uncommon trap: reason=bimorphic action=maybe_recompile pc=0x0000000002a69cbc method=java.util.stream.ForEachOps$ForEachOp$OfRef.accept(Ljava/lang/Object;)V @ 5

Internal exceptions (10 events):
Event: 4.944 Thread 0x0000000001bde800 Exception <a 'java/security/PrivilegedActionException'> (0x00000000d5ba5eb8) thrown at [C:\re\workspace\8-2-build-windows-amd64-cygwin\jdk8u141\9370\hotspot\src\share\vm\prims\jvm.cpp, line 1390]
Event: 4.944 Thread 0x0000000001bde800 Exception <a 'java/security/PrivilegedActionException'> (0x00000000d5ba6b10) thrown at [C:\re\workspace\8-2-build-windows-amd64-cygwin\jdk8u141\9370\hotspot\src\share\vm\prims\jvm.cpp, line 1390]
Event: 4.944 Thread 0x0000000001bde800 Exception <a 'java/security/PrivilegedActionException'> (0x00000000d5ba7738) thrown at [C:\re\workspace\8-2-build-windows-amd64-cygwin\jdk8u141\9370\hotspot\src\share\vm\prims\jvm.cpp, line 1390]
Event: 4.944 Thread 0x0000000001bde800 Exception <a 'java/security/PrivilegedActionException'> (0x00000000d5ba8af8) thrown at [C:\re\workspace\8-2-build-windows-amd64-cygwin\jdk8u141\9370\hotspot\src\share\vm\prims\jvm.cpp, line 1390]
Event: 4.944 Thread 0x0000000001bde800 Exception <a 'java/security/PrivilegedActionException'> (0x00000000d5ba9750) thrown at [C:\re\workspace\8-2-build-windows-amd64-cygwin\jdk8u141\9370\hotspot\src\share\vm\prims\jvm.cpp, line 1390]
Event: 4.944 Thread 0x0000000001bde800 Exception <a 'java/security/PrivilegedActionException'> (0x00000000d5baa378) thrown at [C:\re\workspace\8-2-build-windows-amd64-cygwin\jdk8u141\9370\hotspot\src\share\vm\prims\jvm.cpp, line 1390]
Event: 7.701 Thread 0x0000000001bde800 Implicit null exception at 0x0000000002b2f0df to 0x0000000002b2f1a9
Event: 7.702 Thread 0x0000000001bde800 Implicit null exception at 0x0000000002b2ecec to 0x0000000002b2ed8d
Event: 7.710 Thread 0x0000000001bde800 Exception <a 'java/lang/NoSuchMethodError': java.lang.Object.lambda$minBy$0(Ljava/util/Comparator;Ljava/lang/Object;Ljava/lang/Object;)Ljava/lang/Object;> (0x00000000d5b94190) thrown at [C:\re\workspace\8-2-build-windows-amd64-cygwin\jdk8u141\9370\hotspot
Event: 7.711 Thread 0x0000000001bde800 Exception <a 'java/lang/NoSuchMethodError': java.lang.Object.lambda$maxBy$1(Ljava/util/Comparator;Ljava/lang/Object;Ljava/lang/Object;)Ljava/lang/Object;> (0x00000000d5ba0178) thrown at [C:\re\workspace\8-2-build-windows-amd64-cygwin\jdk8u141\9370\hotspot

Events (10 events):
Event: 7.729 loading class renderer/entity/TexturedEntityRenderer
Event: 7.729 loading class renderer/entity/TexturedEntityRenderer done
Event: 7.729 loading class primitive/model/Model
Event: 7.729 loading class primitive/model/Model done
Event: 7.729 loading class renderer/entity/DecorEntityRenderer
Event: 7.729 loading class renderer/entity/DecorEntityRenderer done
Event: 7.729 loading class primitive/model/Model
Event: 7.729 loading class primitive/model/Model done
Event: 7.729 loading class renderer/entity/NormalEntityRenderer
Event: 7.729 loading class renderer/entity/NormalEntityRenderer done


Dynamic libraries:
0x000000013fd90000 - 0x000000013fdc7000 	C:\Program Files\Java\jre1.8.0_141\bin\javaw.exe
0x0000000076d40000 - 0x0000000076ee9000 	C:\Windows\SYSTEM32\ntdll.dll
0x000007fef8200000 - 0x000007fef8233000 	C:\Program Files\AVAST Software\Avast\x64\aswhooka.dll
0x0000000076c20000 - 0x0000000076d3f000 	C:\Windows\system32\kernel32.dll
0x000007fefd4a0000 - 0x000007fefd50b000 	C:\Windows\system32\KERNELBASE.dll
0x000007fefdd30000 - 0x000007fefde0b000 	C:\Windows\system32\ADVAPI32.dll
0x000007fefdfb0000 - 0x000007fefe04f000 	C:\Windows\system32\msvcrt.dll
0x000007fefde10000 - 0x000007fefde2f000 	C:\Windows\SYSTEM32\sechost.dll
0x000007fefd640000 - 0x000007fefd76d000 	C:\Windows\system32\RPCRT4.dll
0x0000000076660000 - 0x000000007675a000 	C:\Windows\system32\USER32.dll
0x000007fefd580000 - 0x000007fefd5e7000 	C:\Windows\system32\GDI32.dll
0x000007fefd570000 - 0x000007fefd57e000 	C:\Windows\system32\LPK.dll
0x000007fefdee0000 - 0x000007fefdfa9000 	C:\Windows\system32\USP10.dll
0x000007fefb800000 - 0x000007fefb9f4000 	C:\Windows\WinSxS\amd64_microsoft.windows.common-controls_6595b64144ccf1df_6.0.7601.17514_none_fa396087175ac9ac\COMCTL32.dll
0x000007fefde30000 - 0x000007fefdea1000 	C:\Windows\system32\SHLWAPI.dll
0x000007fefdeb0000 - 0x000007fefdede000 	C:\Windows\system32\IMM32.DLL
0x000007fefd770000 - 0x000007fefd879000 	C:\Windows\system32\MSCTF.dll
0x000000005bca0000 - 0x000000005bd72000 	C:\Program Files\Java\jre1.8.0_141\bin\msvcr100.dll
0x0000000064c50000 - 0x00000000654ed000 	C:\Program Files\Java\jre1.8.0_141\bin\server\jvm.dll
0x000007fef9990000 - 0x000007fef9999000 	C:\Windows\system32\WSOCK32.dll
0x000007fefd5f0000 - 0x000007fefd63d000 	C:\Windows\system32\WS2_32.dll
0x000007fefe0d0000 - 0x000007fefe0d8000 	C:\Windows\system32\NSI.dll
0x000007fefad50000 - 0x000007fefad8b000 	C:\Windows\system32\WINMM.dll
0x000007fefc0b0000 - 0x000007fefc0bc000 	C:\Windows\system32\VERSION.dll
0x0000000076f00000 - 0x0000000076f07000 	C:\Windows\system32\PSAPI.DLL
0x0000000071cf0000 - 0x0000000071cff000 	C:\Program Files\Java\jre1.8.0_141\bin\verify.dll
0x0000000071cc0000 - 0x0000000071ce9000 	C:\Program Files\Java\jre1.8.0_141\bin\java.dll
0x0000000071ca0000 - 0x0000000071cb6000 	C:\Program Files\Java\jre1.8.0_141\bin\zip.dll
0x000007fefe2c0000 - 0x000007feff048000 	C:\Windows\system32\SHELL32.dll
0x000007fefd880000 - 0x000007fefda83000 	C:\Windows\system32\ole32.dll
0x000007fefd1a0000 - 0x000007fefd1af000 	C:\Windows\system32\profapi.dll
0x0000000180000000 - 0x0000000180051000 	D:\projects\Java Projects\GameEngine\library\natives\lwjgl64.dll
0x000007feee0f0000 - 0x000007feee20d000 	C:\Windows\system32\OPENGL32.dll
0x000007feee570000 - 0x000007feee59d000 	C:\Windows\system32\GLU32.dll
0x000007feedff0000 - 0x000007feee0e1000 	C:\Windows\system32\DDRAW.dll
0x000007feee5f0000 - 0x000007feee5f8000 	C:\Windows\system32\DCIMAN32.dll
0x000007fefe0e0000 - 0x000007fefe2b7000 	C:\Windows\system32\SETUPAPI.dll
0x000007fefd3c0000 - 0x000007fefd3f6000 	C:\Windows\system32\CFGMGR32.dll
0x000007fefdbb0000 - 0x000007fefdc87000 	C:\Windows\system32\OLEAUT32.dll
0x000007fefd510000 - 0x000007fefd52a000 	C:\Windows\system32\DEVOBJ.dll
0x000007fefac50000 - 0x000007fefac68000 	C:\Windows\system32\dwmapi.dll
0x000007fefb780000 - 0x000007fefb7d6000 	C:\Windows\system32\uxtheme.dll
0x000000005bd80000 - 0x000000005dee6000 	C:\Windows\system32\nvoglv64.DLL
0x000007fefc420000 - 0x000007fefc431000 	C:\Windows\system32\WTSAPI32.dll
0x000007fef7ab0000 - 0x000007fef7bd5000 	C:\Windows\system32\Dbghelp.dll
0x000007fefd530000 - 0x000007fefd56b000 	C:\Windows\system32\WINTRUST.dll
0x000007fefd250000 - 0x000007fefd3bd000 	C:\Windows\system32\CRYPT32.dll
0x000007fefd240000 - 0x000007fefd24f000 	C:\Windows\system32\MSASN1.dll
0x000007fefb530000 - 0x000007fefb55d000 	C:\Windows\system32\ntmarta.dll
0x000007fefda90000 - 0x000007fefdae2000 	C:\Windows\system32\WLDAP32.dll
0x000007fefd0d0000 - 0x000007fefd0df000 	C:\Windows\system32\CRYPTBASE.dll
0x000007fefdc90000 - 0x000007fefdd29000 	C:\Windows\system32\CLBCatQ.DLL
0x000007fef1bf0000 - 0x000007fef1d23000 	C:\Windows\system32\ime\imejp10\imjptip.dll
0x000007fefa350000 - 0x000007fefa3a4000 	C:\Windows\system32\OLEACC.dll
0x000007fef1b00000 - 0x000007fef1be6000 	C:\Windows\system32\imjp10k.dll
0x000007fef23f0000 - 0x000007fef2495000 	C:\Windows\system32\ime\shared\imetip.dll
0x000007fef76c0000 - 0x000007fef76ce000 	C:\Windows\system32\ime\shared\imecfm.dll
0x000007fef17c0000 - 0x000007fef184a000 	C:\Windows\system32\ime\imejp10\imjpapi.dll
0x000007fef2fa0000 - 0x000007fef2fcd000 	C:\Windows\system32\ime\shared\imjkapi.dll
0x000007fef9f80000 - 0x000007fefa01c000 	C:\Windows\system32\mscms.dll
0x000007fefc4a0000 - 0x000007fefc4be000 	C:\Windows\system32\USERENV.dll
0x000007feed8c0000 - 0x000007feed902000 	C:\Windows\system32\icm32.dll
0x000007fefc570000 - 0x000007fefc5ad000 	C:\Windows\system32\WINSTA.dll
0x0000000065bf0000 - 0x0000000065d88000 	C:\Program Files\Java\jre1.8.0_141\bin\awt.dll
0x0000000012c70000 - 0x0000000012cd4000 	D:\projects\Java Projects\GameEngine\library\natives\OpenAL64.dll
0x000007fefbba0000 - 0x000007fefbbeb000 	C:\Windows\System32\MMDevApi.dll
0x000007fefba70000 - 0x000007fefbb9c000 	C:\Windows\System32\PROPSYS.dll
0x000007feed5a0000 - 0x000007feed628000 	C:\Windows\system32\dsound.dll
0x000007fefbbf0000 - 0x000007fefbc1c000 	C:\Windows\system32\POWRPROF.dll
0x000007fefabc0000 - 0x000007fefac0f000 	C:\Windows\system32\AUDIOSES.DLL

VM Arguments:
jvm_args: -Djava.library.path=D:\projects\Java Projects\GameEngine\library\natives -Dfile.encoding=Cp1251 
java_command: core.EngineMain
java_class_path (initial): D:\projects\Java Projects\GameEngine\target\classes;D:\projects\Java Projects\GameEngine\library\jar\slick-util.jar;D:\projects\Java Projects\GameEngine\library\jar\lwjgl.jar;C:\Users\homelleon\.m2\repository\org\lwjgl\lwjgl\lwjgl_util\2.9.3\lwjgl_util-2.9.3.jar;C:\Users\homelleon\.m2\repository\org\lwjgl\lwjgl\lwjgl\2.9.3\lwjgl-2.9.3.jar;C:\Users\homelleon\.m2\repository\org\lwjgl\lwjgl\lwjgl-platform\2.9.3\lwjgl-platform-2.9.3-natives-windows.jar;C:\Users\homelleon\.m2\repository\org\lwjgl\lwjgl\lwjgl-platform\2.9.3\lwjgl-platform-2.9.3-natives-linux.jar;C:\Users\homelleon\.m2\repository\org\lwjgl\lwjgl\lwjgl-platform\2.9.3\lwjgl-platform-2.9.3-natives-osx.jar;C:\Users\homelleon\.m2\repository\net\java\jinput\jinput\2.0.5\jinput-2.0.5.jar;C:\Users\homelleon\.m2\repository\net\java\jutils\jutils\1.0.0\jutils-1.0.0.jar;C:\Users\homelleon\.m2\repository\net\java\jinput\jinput-platform\2.0.5\jinput-platform-2.0.5-natives-linux.jar;C:\Users\homelleon\.m2\repository\net\java\jinput\jinput-platform\2.0.5\jinput-platform-2.0.5-natives-windows.jar;C:\Users\homelleon\.m2\repository\net\java\jinput\jinput-platform\2.0.5\jinput-platform-2.0.5-natives-osx.jar;C:\Users\homelleon\.m2\repository\im\bci\pngdecoder\0.12\pngdecoder-0.12.jar;C:\Users\homelleon\.m2\repository\org\lwjgl\lwjgl-stb\3.1.2\lwjgl-stb-3.1.2.jar;C:\Users\homelleon\.m2\repository\org\lwjgl\lwjgl\3.1.2\lwjgl-3.1.2.jar
Launcher Type: SUN_STANDARD

Environment Variables:
PATH=C:/Program Files/Java/jre1.8.0_141/bin/server;C:/Program Files/Java/jre1.8.0_141/bin;C:/Program Files/Java/jre1.8.0_141/lib/amd64;C:\Program Files\Common Files\Microsoft Shared\Windows Live;C:\Program Files (x86)\Common Files\Microsoft Shared\Windows Live;D:\Program Files (x86)\Borland\Delphi7\Bin;D:\Program Files (x86)\Borland\Delphi7\Projects\Bpl\;C:\ProgramData\Oracle\Java\javapath;D:\Inprise\vbroker\bin;C:\Windows\system32;C:\Windows;C:\Windows\System32\Wbem;C:\Windows\System32\WindowsPowerShell\v1.0\;C:\Program Files\Common Files\Autodesk Shared\;C:\Program Files (x86)\Microsoft SDKs\TypeScript\1.0\;C:\Program Files (x86)\Windows Live\Shared;C:\Program Files (x86)\sbt\bin;C:\Program Files (x86)\NVIDIA Corporation\PhysX\Common;C:\Program Files (x86)\Windows Kits\8.1\Windows Performance Toolkit\;D:\Program Files\nodejs\;D:\projects\wamp64\bin\php\php7.0.10;C:\ProgramData\ComposerSetup\bin;C:\Program Files (x86)\Skype\Phone\;C:\Windows\System32\WindowsPowerShell\v1.0\;C:\Program Files\Git\cmd;C:\Users\homelleon\AppData\Roaming\npm;C:\Users\homelleon\AppData\Roaming\Composer\vendor\bin; D:\projects\Web\Symfony;C:\Users\homelleon\Desktop;
USERNAME=homelleon
OS=Windows_NT
PROCESSOR_IDENTIFIER=Intel64 Family 6 Model 58 Stepping 9, GenuineIntel



---------------  S Y S T E M  ---------------

OS: Windows 7 , 64 bit Build 7601 (6.1.7601.18015)

CPU:total 8 (initial active 8) (4 cores per cpu, 2 threads per core) family 6 model 58 stepping 9, cmov, cx8, fxsr, mmx, sse, sse2, sse3, ssse3, sse4.1, sse4.2, popcnt, avx, aes, clmul, erms, ht, tsc, tscinvbit, tscinv

Memory: 4k page, physical 8339244k(4328548k free), swap 16676632k(11061464k free)

vm_info: Java HotSpot(TM) 64-Bit Server VM (25.141-b15) for windows-amd64 JRE (1.8.0_141-b15), built on Jul 12 2017 04:25:12 by "java_re" with MS VC++ 10.0 (VS2010)

time: Mon Oct 16 22:37:49 2017
elapsed time: 7 seconds (0d 0h 0m 7s)

